0:0:0:0:0:0:0:1 - - [25/Jul/2017:00:01:01 +1000] "GET /ryvrs/transactions HTTP/1.1" 200 15210
0:0:0:0:0:0:0:1 - - [25/Jul/2017:00:01:01 +1000] "GET /webjars/bootstrap/css/bootstrap.min.css HTTP/1.1" 200 121200
0:0:0:0:0:0:0:1 - - [25/Jul/2017:00:01:01 +1000] "GET /webjars/angularjs/angular-csp.css HTTP/1.1" 200 343
0:0:0:0:0:0:0:1 - - [25/Jul/2017:00:01:01 +1000] "GET /css/style.css HTTP/1.1" 200 2408
0:0:0:0:0:0:0:1 - - [25/Jul/2017:00:01:01 +1000] "GET /webjars.js HTTP/1.1" 200 108702
0:0:0:0:0:0:0:1 - - [25/Jul/2017:00:01:01 +1000] "GET /webjars/requirejs/require.min.js HTTP/1.1" 200 17831
0:0:0:0:0:0:0:1 - - [25/Jul/2017:00:01:01 +1000] "GET /wide_color_logo_transparent_background_164_x_25.png HTTP/1.1" 200 5249
0:0:0:0:0:0:0:1 - - [25/Jul/2017:00:01:01 +1000] "GET /webjars/bootstrap/css/bootstrap.min.css.map HTTP/1.1" 200 542194
0:0:0:0:0:0:0:1 - - [25/Jul/2017:00:01:01 +1000] "GET /js/main.js HTTP/1.1" 200 253
0:0:0:0:0:0:0:1 - - [25/Jul/2017:00:01:01 +1000] "GET /favicon-32x32.png HTTP/1.1" 200 1029
0:0:0:0:0:0:0:1 - - [25/Jul/2017:00:01:01 +1000] "GET /js/ryvr.js HTTP/1.1" 200 10280
0:0:0:0:0:0:0:1 - - [25/Jul/2017:00:01:01 +1000] "GET /webjars/jquery/3.1.1-1/jquery.js HTTP/1.1" 200 267194
0:0:0:0:0:0:0:1 - - [25/Jul/2017:00:01:01 +1000] "GET /webjars/angularjs/1.6.4/angular.js HTTP/1.1" 200 1249863
0:0:0:0:0:0:0:1 - - [25/Jul/2017:00:01:01 +1000] "GET /favicon-16x16.png HTTP/1.1" 200 449
0:0:0:0:0:0:0:1 - - [25/Jul/2017:00:01:01 +1000] "GET /webjars/bootstrap/3.3.7-1/js/bootstrap.js HTTP/1.1" 200 69707
0:0:0:0:0:0:0:1 - - [25/Jul/2017:00:01:02 +1000] "GET /favicon-96x96.png HTTP/1.1" 200 6590
0:0:0:0:0:0:0:1 - - [25/Jul/2017:00:01:02 +1000] "GET /favicon-128.png HTTP/1.1" 200 8994
0:0:0:0:0:0:0:1 - - [25/Jul/2017:00:01:02 +1000] "GET /favicon-196x196.png HTTP/1.1" 200 36392
0:0:0:0:0:0:0:1 - - [25/Jul/2017:00:01:07 +1000] "GET /ryvrs HTTP/1.1" 200 144
0:0:0:0:0:0:0:1 - - [25/Jul/2017:00:01:07 +1000] "GET /favicon-32x32.png HTTP/1.1" 200 1029
0:0:0:0:0:0:0:1 - - [25/Jul/2017:00:01:07 +1000] "GET /favicon-16x16.png HTTP/1.1" 200 449
0:0:0:0:0:0:0:1 - - [25/Jul/2017:00:01:07 +1000] "GET /favicon-96x96.png HTTP/1.1" 200 6590
0:0:0:0:0:0:0:1 - - [25/Jul/2017:00:01:07 +1000] "GET /favicon-128.png HTTP/1.1" 200 8994
0:0:0:0:0:0:0:1 - - [25/Jul/2017:00:01:07 +1000] "GET /favicon-196x196.png HTTP/1.1" 200 36392
0:0:0:0:0:0:0:1 - - [25/Jul/2017:00:01:43 +1000] "GET /ryvrs HTTP/1.1" 200 9898
0:0:0:0:0:0:0:1 - - [25/Jul/2017:00:01:43 +1000] "GET /webjars/bootstrap/css/bootstrap.min.css HTTP/1.1" 200 121200
0:0:0:0:0:0:0:1 - - [25/Jul/2017:00:01:43 +1000] "GET /webjars/angularjs/angular-csp.css HTTP/1.1" 200 343
0:0:0:0:0:0:0:1 - - [25/Jul/2017:00:01:43 +1000] "GET /css/style.css HTTP/1.1" 200 2408
0:0:0:0:0:0:0:1 - - [25/Jul/2017:00:01:43 +1000] "GET /webjars.js HTTP/1.1" 200 108702
0:0:0:0:0:0:0:1 - - [25/Jul/2017:00:01:43 +1000] "GET /webjars/requirejs/require.min.js HTTP/1.1" 200 17831
0:0:0:0:0:0:0:1 - - [25/Jul/2017:00:01:43 +1000] "GET /wide_color_logo_transparent_background_164_x_25.png HTTP/1.1" 200 5249
0:0:0:0:0:0:0:1 - - [25/Jul/2017:00:01:43 +1000] "GET /webjars/bootstrap/css/bootstrap.min.css.map HTTP/1.1" 200 542194
0:0:0:0:0:0:0:1 - - [25/Jul/2017:00:01:43 +1000] "GET /js/main.js HTTP/1.1" 200 253
0:0:0:0:0:0:0:1 - - [25/Jul/2017:00:01:43 +1000] "GET /favicon-32x32.png HTTP/1.1" 200 1029
0:0:0:0:0:0:0:1 - - [25/Jul/2017:00:01:43 +1000] "GET /js/ryvr.js HTTP/1.1" 200 10282
0:0:0:0:0:0:0:1 - - [25/Jul/2017:00:01:43 +1000] "GET /favicon-16x16.png HTTP/1.1" 200 449
0:0:0:0:0:0:0:1 - - [25/Jul/2017:00:01:43 +1000] "GET /webjars/angularjs/1.6.4/angular.js HTTP/1.1" 200 1249863
0:0:0:0:0:0:0:1 - - [25/Jul/2017:00:01:43 +1000] "GET /webjars/jquery/3.1.1-1/jquery.js HTTP/1.1" 200 267194
0:0:0:0:0:0:0:1 - - [25/Jul/2017:00:01:43 +1000] "GET /favicon-96x96.png HTTP/1.1" 200 6590
0:0:0:0:0:0:0:1 - - [25/Jul/2017:00:01:43 +1000] "GET /webjars/bootstrap/3.3.7-1/js/bootstrap.js HTTP/1.1" 200 69707
0:0:0:0:0:0:0:1 - - [25/Jul/2017:00:01:43 +1000] "GET /favicon-128.png HTTP/1.1" 200 8994
0:0:0:0:0:0:0:1 - - [25/Jul/2017:00:01:43 +1000] "GET /favicon-196x196.png HTTP/1.1" 200 36392
0:0:0:0:0:0:0:1 - - [25/Jul/2017:00:01:50 +1000] "GET /ryvrs/transactions HTTP/1.1" 200 3246
0:0:0:0:0:0:0:1 - - [25/Jul/2017:00:01:50 +1000] "GET /favicon-32x32.png HTTP/1.1" 200 1029
0:0:0:0:0:0:0:1 - - [25/Jul/2017:00:01:50 +1000] "GET /favicon-16x16.png HTTP/1.1" 200 449
0:0:0:0:0:0:0:1 - - [25/Jul/2017:00:01:50 +1000] "GET /favicon-96x96.png HTTP/1.1" 200 6590
0:0:0:0:0:0:0:1 - - [25/Jul/2017:00:01:50 +1000] "GET /favicon-128.png HTTP/1.1" 200 8994
0:0:0:0:0:0:0:1 - - [25/Jul/2017:00:01:50 +1000] "GET /favicon-196x196.png HTTP/1.1" 200 36392
0:0:0:0:0:0:0:1 - - [25/Jul/2017:00:01:54 +1000] "GET /ryvrs/transactions HTTP/1.1" 200 15210
0:0:0:0:0:0:0:1 - - [25/Jul/2017:00:01:54 +1000] "GET /webjars/bootstrap/css/bootstrap.min.css HTTP/1.1" 200 121200
0:0:0:0:0:0:0:1 - - [25/Jul/2017:00:01:54 +1000] "GET /webjars/angularjs/angular-csp.css HTTP/1.1" 200 343
0:0:0:0:0:0:0:1 - - [25/Jul/2017:00:01:54 +1000] "GET /css/style.css HTTP/1.1" 200 2408
0:0:0:0:0:0:0:1 - - [25/Jul/2017:00:01:54 +1000] "GET /webjars.js HTTP/1.1" 200 108702
0:0:0:0:0:0:0:1 - - [25/Jul/2017:00:01:54 +1000] "GET /webjars/requirejs/require.min.js HTTP/1.1" 200 17831
0:0:0:0:0:0:0:1 - - [25/Jul/2017:00:01:54 +1000] "GET /wide_color_logo_transparent_background_164_x_25.png HTTP/1.1" 200 5249
0:0:0:0:0:0:0:1 - - [25/Jul/2017:00:01:54 +1000] "GET /webjars/bootstrap/css/bootstrap.min.css.map HTTP/1.1" 200 542194
0:0:0:0:0:0:0:1 - - [25/Jul/2017:00:01:54 +1000] "GET /js/main.js HTTP/1.1" 200 253
0:0:0:0:0:0:0:1 - - [25/Jul/2017:00:01:54 +1000] "GET /favicon-32x32.png HTTP/1.1" 200 1029
0:0:0:0:0:0:0:1 - - [25/Jul/2017:00:01:54 +1000] "GET /favicon-16x16.png HTTP/1.1" 200 449
0:0:0:0:0:0:0:1 - - [25/Jul/2017:00:01:54 +1000] "GET /js/ryvr.js HTTP/1.1" 200 10282
0:0:0:0:0:0:0:1 - - [25/Jul/2017:00:01:55 +1000] "GET /webjars/angularjs/1.6.4/angular.js HTTP/1.1" 200 1249863
0:0:0:0:0:0:0:1 - - [25/Jul/2017:00:01:55 +1000] "GET /webjars/jquery/3.1.1-1/jquery.js HTTP/1.1" 200 267194
0:0:0:0:0:0:0:1 - - [25/Jul/2017:00:01:55 +1000] "GET /favicon-96x96.png HTTP/1.1" 200 6590
0:0:0:0:0:0:0:1 - - [25/Jul/2017:00:01:55 +1000] "GET /webjars/bootstrap/3.3.7-1/js/bootstrap.js HTTP/1.1" 200 69707
0:0:0:0:0:0:0:1 - - [25/Jul/2017:00:01:55 +1000] "GET /favicon-128.png HTTP/1.1" 200 8994
0:0:0:0:0:0:0:1 - - [25/Jul/2017:00:01:55 +1000] "GET /favicon-196x196.png HTTP/1.1" 200 36392
0:0:0:0:0:0:0:1 - - [25/Jul/2017:00:01:59 +1000] "GET /ryvrs HTTP/1.1" 200 144
0:0:0:0:0:0:0:1 - - [25/Jul/2017:00:01:59 +1000] "GET /favicon-32x32.png HTTP/1.1" 200 1029
0:0:0:0:0:0:0:1 - - [25/Jul/2017:00:01:59 +1000] "GET /favicon-16x16.png HTTP/1.1" 200 449
0:0:0:0:0:0:0:1 - - [25/Jul/2017:00:01:59 +1000] "GET /favicon-96x96.png HTTP/1.1" 200 6590
0:0:0:0:0:0:0:1 - - [25/Jul/2017:00:01:59 +1000] "GET /favicon-128.png HTTP/1.1" 200 8994
0:0:0:0:0:0:0:1 - - [25/Jul/2017:00:01:59 +1000] "GET /favicon-196x196.png HTTP/1.1" 200 36392
0:0:0:0:0:0:0:1 - - [25/Jul/2017:00:03:00 +1000] "GET /ryvrs HTTP/1.1" 200 9898
0:0:0:0:0:0:0:1 - - [25/Jul/2017:00:03:00 +1000] "GET /webjars/bootstrap/css/bootstrap.min.css HTTP/1.1" 200 121200
0:0:0:0:0:0:0:1 - - [25/Jul/2017:00:03:00 +1000] "GET /webjars/angularjs/angular-csp.css HTTP/1.1" 200 343
0:0:0:0:0:0:0:1 - - [25/Jul/2017:00:03:00 +1000] "GET /css/style.css HTTP/1.1" 200 2408
0:0:0:0:0:0:0:1 - - [25/Jul/2017:00:03:00 +1000] "GET /webjars.js HTTP/1.1" 200 108702
0:0:0:0:0:0:0:1 - - [25/Jul/2017:00:03:00 +1000] "GET /webjars/requirejs/require.min.js HTTP/1.1" 200 17831
0:0:0:0:0:0:0:1 - - [25/Jul/2017:00:03:00 +1000] "GET /wide_color_logo_transparent_background_164_x_25.png HTTP/1.1" 200 5249
0:0:0:0:0:0:0:1 - - [25/Jul/2017:00:03:00 +1000] "GET /webjars/bootstrap/css/bootstrap.min.css.map HTTP/1.1" 200 542194
0:0:0:0:0:0:0:1 - - [25/Jul/2017:00:03:00 +1000] "GET /js/main.js HTTP/1.1" 200 253
0:0:0:0:0:0:0:1 - - [25/Jul/2017:00:03:00 +1000] "GET /favicon-32x32.png HTTP/1.1" 200 1029
0:0:0:0:0:0:0:1 - - [25/Jul/2017:00:03:00 +1000] "GET /js/ryvr.js HTTP/1.1" 200 10217
0:0:0:0:0:0:0:1 - - [25/Jul/2017:00:03:00 +1000] "GET /favicon-16x16.png HTTP/1.1" 200 449
0:0:0:0:0:0:0:1 - - [25/Jul/2017:00:03:00 +1000] "GET /webjars/angularjs/1.6.4/angular.js HTTP/1.1" 200 1249863
0:0:0:0:0:0:0:1 - - [25/Jul/2017:00:03:00 +1000] "GET /webjars/jquery/3.1.1-1/jquery.js HTTP/1.1" 200 267194
0:0:0:0:0:0:0:1 - - [25/Jul/2017:00:03:00 +1000] "GET /favicon-96x96.png HTTP/1.1" 200 6590
0:0:0:0:0:0:0:1 - - [25/Jul/2017:00:03:01 +1000] "GET /favicon-128.png HTTP/1.1" 200 8994
0:0:0:0:0:0:0:1 - - [25/Jul/2017:00:03:01 +1000] "GET /webjars/bootstrap/3.3.7-1/js/bootstrap.js HTTP/1.1" 200 69707
0:0:0:0:0:0:0:1 - - [25/Jul/2017:00:03:01 +1000] "GET /favicon-196x196.png HTTP/1.1" 200 36392
0:0:0:0:0:0:0:1 - - [25/Jul/2017:00:03:05 +1000] "GET /ryvrs/transactions HTTP/1.1" 200 3246
0:0:0:0:0:0:0:1 - - [25/Jul/2017:00:03:05 +1000] "GET /favicon-32x32.png HTTP/1.1" 200 1029
0:0:0:0:0:0:0:1 - - [25/Jul/2017:00:03:05 +1000] "GET /favicon-16x16.png HTTP/1.1" 200 449
0:0:0:0:0:0:0:1 - - [25/Jul/2017:00:03:05 +1000] "GET /favicon-96x96.png HTTP/1.1" 200 6590
0:0:0:0:0:0:0:1 - - [25/Jul/2017:00:03:05 +1000] "GET /favicon-128.png HTTP/1.1" 200 8994
0:0:0:0:0:0:0:1 - - [25/Jul/2017:00:03:05 +1000] "GET /favicon-196x196.png HTTP/1.1" 200 36392
0:0:0:0:0:0:0:1 - - [25/Jul/2017:00:03:40 +1000] "GET /ryvrs/transactions HTTP/1.1" 200 15210
0:0:0:0:0:0:0:1 - - [25/Jul/2017:00:03:40 +1000] "GET /webjars/bootstrap/css/bootstrap.min.css HTTP/1.1" 200 121200
0:0:0:0:0:0:0:1 - - [25/Jul/2017:00:03:40 +1000] "GET /webjars/angularjs/angular-csp.css HTTP/1.1" 200 343
0:0:0:0:0:0:0:1 - - [25/Jul/2017:00:03:40 +1000] "GET /css/style.css HTTP/1.1" 200 2408
0:0:0:0:0:0:0:1 - - [25/Jul/2017:00:03:40 +1000] "GET /webjars.js HTTP/1.1" 200 108702
0:0:0:0:0:0:0:1 - - [25/Jul/2017:00:03:40 +1000] "GET /webjars/requirejs/require.min.js HTTP/1.1" 200 17831
0:0:0:0:0:0:0:1 - - [25/Jul/2017:00:03:40 +1000] "GET /wide_color_logo_transparent_background_164_x_25.png HTTP/1.1" 200 5249
0:0:0:0:0:0:0:1 - - [25/Jul/2017:00:03:40 +1000] "GET /webjars/bootstrap/css/bootstrap.min.css.map HTTP/1.1" 200 542194
0:0:0:0:0:0:0:1 - - [25/Jul/2017:00:03:40 +1000] "GET /js/main.js HTTP/1.1" 200 253
0:0:0:0:0:0:0:1 - - [25/Jul/2017:00:03:40 +1000] "GET /favicon-32x32.png HTTP/1.1" 200 1029
0:0:0:0:0:0:0:1 - - [25/Jul/2017:00:03:40 +1000] "GET /js/ryvr.js HTTP/1.1" 200 10231
0:0:0:0:0:0:0:1 - - [25/Jul/2017:00:03:40 +1000] "GET /favicon-16x16.png HTTP/1.1" 200 449
0:0:0:0:0:0:0:1 - - [25/Jul/2017:00:03:40 +1000] "GET /webjars/jquery/3.1.1-1/jquery.js HTTP/1.1" 200 267194
0:0:0:0:0:0:0:1 - - [25/Jul/2017:00:03:40 +1000] "GET /webjars/angularjs/1.6.4/angular.js HTTP/1.1" 200 1249863
0:0:0:0:0:0:0:1 - - [25/Jul/2017:00:03:40 +1000] "GET /favicon-96x96.png HTTP/1.1" 200 6590
0:0:0:0:0:0:0:1 - - [25/Jul/2017:00:03:40 +1000] "GET /webjars/bootstrap/3.3.7-1/js/bootstrap.js HTTP/1.1" 200 69707
0:0:0:0:0:0:0:1 - - [25/Jul/2017:00:03:41 +1000] "GET /favicon-128.png HTTP/1.1" 200 8994
0:0:0:0:0:0:0:1 - - [25/Jul/2017:00:03:41 +1000] "GET /favicon-196x196.png HTTP/1.1" 200 36392
0:0:0:0:0:0:0:1 - - [25/Jul/2017:00:03:45 +1000] "GET /ryvrs HTTP/1.1" 200 144
0:0:0:0:0:0:0:1 - - [25/Jul/2017:00:03:45 +1000] "GET /favicon-32x32.png HTTP/1.1" 200 1029
0:0:0:0:0:0:0:1 - - [25/Jul/2017:00:03:46 +1000] "GET /favicon-16x16.png HTTP/1.1" 200 449
0:0:0:0:0:0:0:1 - - [25/Jul/2017:00:03:46 +1000] "GET /favicon-96x96.png HTTP/1.1" 200 6590
0:0:0:0:0:0:0:1 - - [25/Jul/2017:00:03:46 +1000] "GET /favicon-128.png HTTP/1.1" 200 8994
0:0:0:0:0:0:0:1 - - [25/Jul/2017:00:03:46 +1000] "GET /favicon-196x196.png HTTP/1.1" 200 36392
0:0:0:0:0:0:0:1 - - [25/Jul/2017:00:03:49 +1000] "GET /ryvrs/transactions HTTP/1.1" 200 3246
0:0:0:0:0:0:0:1 - - [25/Jul/2017:00:03:49 +1000] "GET /favicon-32x32.png HTTP/1.1" 200 1029
0:0:0:0:0:0:0:1 - - [25/Jul/2017:00:03:49 +1000] "GET /favicon-16x16.png HTTP/1.1" 200 449
0:0:0:0:0:0:0:1 - - [25/Jul/2017:00:03:49 +1000] "GET /favicon-96x96.png HTTP/1.1" 200 6590
0:0:0:0:0:0:0:1 - - [25/Jul/2017:00:03:49 +1000] "GET /favicon-128.png HTTP/1.1" 200 8994
0:0:0:0:0:0:0:1 - - [25/Jul/2017:00:03:50 +1000] "GET /favicon-196x196.png HTTP/1.1" 200 36392
0:0:0:0:0:0:0:1 - - [25/Jul/2017:00:03:58 +1000] "GET /ryvrs/transactions?page=1 HTTP/1.1" 200 5446
0:0:0:0:0:0:0:1 - - [25/Jul/2017:00:03:58 +1000] "GET /favicon-32x32.png HTTP/1.1" 200 1029
0:0:0:0:0:0:0:1 - - [25/Jul/2017:00:03:58 +1000] "GET /favicon-16x16.png HTTP/1.1" 200 449
0:0:0:0:0:0:0:1 - - [25/Jul/2017:00:03:58 +1000] "GET /favicon-96x96.png HTTP/1.1" 200 6590
0:0:0:0:0:0:0:1 - - [25/Jul/2017:00:03:58 +1000] "GET /favicon-128.png HTTP/1.1" 200 8994
0:0:0:0:0:0:0:1 - - [25/Jul/2017:00:03:58 +1000] "GET /favicon-196x196.png HTTP/1.1" 200 36392
0:0:0:0:0:0:0:1 - - [25/Jul/2017:00:04:02 +1000] "GET /ryvrs/transactions?page=2 HTTP/1.1" 200 5611
0:0:0:0:0:0:0:1 - - [25/Jul/2017:00:04:02 +1000] "GET /favicon-32x32.png HTTP/1.1" 200 1029
0:0:0:0:0:0:0:1 - - [25/Jul/2017:00:04:02 +1000] "GET /favicon-16x16.png HTTP/1.1" 200 449
0:0:0:0:0:0:0:1 - - [25/Jul/2017:00:04:02 +1000] "GET /favicon-96x96.png HTTP/1.1" 200 6590
0:0:0:0:0:0:0:1 - - [25/Jul/2017:00:04:02 +1000] "GET /favicon-128.png HTTP/1.1" 200 8994
0:0:0:0:0:0:0:1 - - [25/Jul/2017:00:04:02 +1000] "GET /favicon-196x196.png HTTP/1.1" 200 36392
0:0:0:0:0:0:0:1 - - [25/Jul/2017:00:04:04 +1000] "GET /ryvrs/transactions?page=3 HTTP/1.1" 200 5611
0:0:0:0:0:0:0:1 - - [25/Jul/2017:00:04:04 +1000] "GET /favicon-32x32.png HTTP/1.1" 200 1029
0:0:0:0:0:0:0:1 - - [25/Jul/2017:00:04:04 +1000] "GET /favicon-16x16.png HTTP/1.1" 200 449
0:0:0:0:0:0:0:1 - - [25/Jul/2017:00:04:04 +1000] "GET /favicon-96x96.png HTTP/1.1" 200 6590
0:0:0:0:0:0:0:1 - - [25/Jul/2017:00:04:04 +1000] "GET /favicon-128.png HTTP/1.1" 200 8994
0:0:0:0:0:0:0:1 - - [25/Jul/2017:00:04:04 +1000] "GET /favicon-196x196.png HTTP/1.1" 200 36392
0:0:0:0:0:0:0:1 - - [25/Jul/2017:00:04:04 +1000] "GET /ryvrs/transactions?page=4 HTTP/1.1" 200 5646
0:0:0:0:0:0:0:1 - - [25/Jul/2017:00:04:04 +1000] "GET /favicon-32x32.png HTTP/1.1" 200 1029
0:0:0:0:0:0:0:1 - - [25/Jul/2017:00:04:04 +1000] "GET /favicon-16x16.png HTTP/1.1" 200 449
0:0:0:0:0:0:0:1 - - [25/Jul/2017:00:04:04 +1000] "GET /favicon-96x96.png HTTP/1.1" 200 6590
0:0:0:0:0:0:0:1 - - [25/Jul/2017:00:04:04 +1000] "GET /favicon-128.png HTTP/1.1" 200 8994
0:0:0:0:0:0:0:1 - - [25/Jul/2017:00:04:04 +1000] "GET /favicon-196x196.png HTTP/1.1" 200 36392
0:0:0:0:0:0:0:1 - - [25/Jul/2017:00:04:05 +1000] "GET /ryvrs/transactions?page=5 HTTP/1.1" 200 5739
0:0:0:0:0:0:0:1 - - [25/Jul/2017:00:04:05 +1000] "GET /favicon-32x32.png HTTP/1.1" 200 1029
0:0:0:0:0:0:0:1 - - [25/Jul/2017:00:04:05 +1000] "GET /favicon-16x16.png HTTP/1.1" 200 449
0:0:0:0:0:0:0:1 - - [25/Jul/2017:00:04:05 +1000] "GET /favicon-96x96.png HTTP/1.1" 200 6590
0:0:0:0:0:0:0:1 - - [25/Jul/2017:00:04:05 +1000] "GET /favicon-128.png HTTP/1.1" 200 8994
0:0:0:0:0:0:0:1 - - [25/Jul/2017:00:04:05 +1000] "GET /favicon-196x196.png HTTP/1.1" 200 36392
0:0:0:0:0:0:0:1 - - [25/Jul/2017:00:04:06 +1000] "GET /ryvrs/transactions?page=6 HTTP/1.1" 200 5739
0:0:0:0:0:0:0:1 - - [25/Jul/2017:00:04:06 +1000] "GET /favicon-32x32.png HTTP/1.1" 200 1029
0:0:0:0:0:0:0:1 - - [25/Jul/2017:00:04:06 +1000] "GET /favicon-16x16.png HTTP/1.1" 200 449
0:0:0:0:0:0:0:1 - - [25/Jul/2017:00:04:06 +1000] "GET /favicon-96x96.png HTTP/1.1" 200 6590
0:0:0:0:0:0:0:1 - - [25/Jul/2017:00:04:06 +1000] "GET /favicon-128.png HTTP/1.1" 200 8994
0:0:0:0:0:0:0:1 - - [25/Jul/2017:00:04:06 +1000] "GET /favicon-196x196.png HTTP/1.1" 200 36392
0:0:0:0:0:0:0:1 - - [25/Jul/2017:00:04:06 +1000] "GET /ryvrs/transactions?page=7 HTTP/1.1" 200 5739
0:0:0:0:0:0:0:1 - - [25/Jul/2017:00:04:06 +1000] "GET /favicon-32x32.png HTTP/1.1" 200 1029
0:0:0:0:0:0:0:1 - - [25/Jul/2017:00:04:06 +1000] "GET /favicon-16x16.png HTTP/1.1" 200 449
0:0:0:0:0:0:0:1 - - [25/Jul/2017:00:04:06 +1000] "GET /favicon-96x96.png HTTP/1.1" 200 6590
0:0:0:0:0:0:0:1 - - [25/Jul/2017:00:04:06 +1000] "GET /favicon-128.png HTTP/1.1" 200 8994
0:0:0:0:0:0:0:1 - - [25/Jul/2017:00:04:06 +1000] "GET /favicon-196x196.png HTTP/1.1" 200 36392
0:0:0:0:0:0:0:1 - - [25/Jul/2017:00:04:06 +1000] "GET /ryvrs/transactions?page=8 HTTP/1.1" 200 5763
0:0:0:0:0:0:0:1 - - [25/Jul/2017:00:04:06 +1000] "GET /favicon-32x32.png HTTP/1.1" 200 1029
0:0:0:0:0:0:0:1 - - [25/Jul/2017:00:04:06 +1000] "GET /favicon-16x16.png HTTP/1.1" 200 449
0:0:0:0:0:0:0:1 - - [25/Jul/2017:00:04:06 +1000] "GET /favicon-96x96.png HTTP/1.1" 200 6590
0:0:0:0:0:0:0:1 - - [25/Jul/2017:00:04:06 +1000] "GET /favicon-128.png HTTP/1.1" 200 8994
0:0:0:0:0:0:0:1 - - [25/Jul/2017:00:04:06 +1000] "GET /favicon-196x196.png HTTP/1.1" 200 36392
0:0:0:0:0:0:0:1 - - [25/Jul/2017:00:04:07 +1000] "GET /ryvrs/transactions?page=9 HTTP/1.1" 200 5867
0:0:0:0:0:0:0:1 - - [25/Jul/2017:00:04:07 +1000] "GET /favicon-32x32.png HTTP/1.1" 200 1029
0:0:0:0:0:0:0:1 - - [25/Jul/2017:00:04:07 +1000] "GET /favicon-16x16.png HTTP/1.1" 200 449
0:0:0:0:0:0:0:1 - - [25/Jul/2017:00:04:07 +1000] "GET /favicon-96x96.png HTTP/1.1" 200 6590
0:0:0:0:0:0:0:1 - - [25/Jul/2017:00:04:07 +1000] "GET /favicon-128.png HTTP/1.1" 200 8994
0:0:0:0:0:0:0:1 - - [25/Jul/2017:00:04:07 +1000] "GET /favicon-196x196.png HTTP/1.1" 200 36392
0:0:0:0:0:0:0:1 - - [25/Jul/2017:00:04:07 +1000] "GET /ryvrs/transactions?page=10 HTTP/1.1" 200 5868
0:0:0:0:0:0:0:1 - - [25/Jul/2017:00:04:07 +1000] "GET /favicon-32x32.png HTTP/1.1" 200 1029
0:0:0:0:0:0:0:1 - - [25/Jul/2017:00:04:07 +1000] "GET /favicon-16x16.png HTTP/1.1" 200 449
0:0:0:0:0:0:0:1 - - [25/Jul/2017:00:04:07 +1000] "GET /favicon-96x96.png HTTP/1.1" 200 6590
0:0:0:0:0:0:0:1 - - [25/Jul/2017:00:04:07 +1000] "GET /favicon-128.png HTTP/1.1" 200 8994
0:0:0:0:0:0:0:1 - - [25/Jul/2017:00:04:07 +1000] "GET /favicon-196x196.png HTTP/1.1" 200 36392
0:0:0:0:0:0:0:1 - - [25/Jul/2017:00:04:07 +1000] "GET /ryvrs/transactions?page=11 HTTP/1.1" 200 5868
0:0:0:0:0:0:0:1 - - [25/Jul/2017:00:04:07 +1000] "GET /favicon-32x32.png HTTP/1.1" 200 1029
0:0:0:0:0:0:0:1 - - [25/Jul/2017:00:04:07 +1000] "GET /favicon-16x16.png HTTP/1.1" 200 449
0:0:0:0:0:0:0:1 - - [25/Jul/2017:00:04:07 +1000] "GET /favicon-96x96.png HTTP/1.1" 200 6590
0:0:0:0:0:0:0:1 - - [25/Jul/2017:00:04:07 +1000] "GET /favicon-128.png HTTP/1.1" 200 8994
0:0:0:0:0:0:0:1 - - [25/Jul/2017:00:04:07 +1000] "GET /favicon-196x196.png HTTP/1.1" 200 36392
0:0:0:0:0:0:0:1 - - [25/Jul/2017:00:04:07 +1000] "GET /ryvrs/transactions?page=12 HTTP/1.1" 200 5868
0:0:0:0:0:0:0:1 - - [25/Jul/2017:00:04:07 +1000] "GET /favicon-32x32.png HTTP/1.1" 200 1029
0:0:0:0:0:0:0:1 - - [25/Jul/2017:00:04:07 +1000] "GET /favicon-16x16.png HTTP/1.1" 200 449
0:0:0:0:0:0:0:1 - - [25/Jul/2017:00:04:07 +1000] "GET /favicon-96x96.png HTTP/1.1" 200 6590
0:0:0:0:0:0:0:1 - - [25/Jul/2017:00:04:07 +1000] "GET /favicon-128.png HTTP/1.1" 200 8994
0:0:0:0:0:0:0:1 - - [25/Jul/2017:00:04:07 +1000] "GET /favicon-196x196.png HTTP/1.1" 200 36392
0:0:0:0:0:0:0:1 - - [25/Jul/2017:00:04:07 +1000] "GET /ryvrs/transactions?page=13 HTTP/1.1" 200 5868
0:0:0:0:0:0:0:1 - - [25/Jul/2017:00:04:08 +1000] "GET /favicon-32x32.png HTTP/1.1" 200 1029
0:0:0:0:0:0:0:1 - - [25/Jul/2017:00:04:08 +1000] "GET /favicon-16x16.png HTTP/1.1" 200 449
0:0:0:0:0:0:0:1 - - [25/Jul/2017:00:04:08 +1000] "GET /favicon-96x96.png HTTP/1.1" 200 6590
0:0:0:0:0:0:0:1 - - [25/Jul/2017:00:04:08 +1000] "GET /favicon-128.png HTTP/1.1" 200 8994
0:0:0:0:0:0:0:1 - - [25/Jul/2017:00:04:08 +1000] "GET /favicon-196x196.png HTTP/1.1" 200 36392
0:0:0:0:0:0:0:1 - - [25/Jul/2017:00:04:08 +1000] "GET /ryvrs/transactions?page=14 HTTP/1.1" 200 5868
0:0:0:0:0:0:0:1 - - [25/Jul/2017:00:04:08 +1000] "GET /favicon-32x32.png HTTP/1.1" 200 1029
0:0:0:0:0:0:0:1 - - [25/Jul/2017:00:04:08 +1000] "GET /favicon-16x16.png HTTP/1.1" 200 449
0:0:0:0:0:0:0:1 - - [25/Jul/2017:00:04:08 +1000] "GET /favicon-96x96.png HTTP/1.1" 200 6590
0:0:0:0:0:0:0:1 - - [25/Jul/2017:00:04:08 +1000] "GET /favicon-128.png HTTP/1.1" 200 8994
0:0:0:0:0:0:0:1 - - [25/Jul/2017:00:04:08 +1000] "GET /favicon-196x196.png HTTP/1.1" 200 36392
0:0:0:0:0:0:0:1 - - [25/Jul/2017:00:04:08 +1000] "GET /ryvrs/transactions?page=15 HTTP/1.1" 200 5868
0:0:0:0:0:0:0:1 - - [25/Jul/2017:00:04:08 +1000] "GET /favicon-32x32.png HTTP/1.1" 200 1029
0:0:0:0:0:0:0:1 - - [25/Jul/2017:00:04:08 +1000] "GET /favicon-16x16.png HTTP/1.1" 200 449
0:0:0:0:0:0:0:1 - - [25/Jul/2017:00:04:08 +1000] "GET /favicon-96x96.png HTTP/1.1" 200 6590
0:0:0:0:0:0:0:1 - - [25/Jul/2017:00:04:08 +1000] "GET /favicon-128.png HTTP/1.1" 200 8994
0:0:0:0:0:0:0:1 - - [25/Jul/2017:00:04:08 +1000] "GET /favicon-196x196.png HTTP/1.1" 200 36392
0:0:0:0:0:0:0:1 - - [25/Jul/2017:00:04:08 +1000] "GET /ryvrs/transactions?page=16 HTTP/1.1" 200 5868
0:0:0:0:0:0:0:1 - - [25/Jul/2017:00:04:08 +1000] "GET /favicon-32x32.png HTTP/1.1" 200 1029
0:0:0:0:0:0:0:1 - - [25/Jul/2017:00:04:08 +1000] "GET /favicon-16x16.png HTTP/1.1" 200 449
0:0:0:0:0:0:0:1 - - [25/Jul/2017:00:04:08 +1000] "GET /favicon-96x96.png HTTP/1.1" 200 6590
0:0:0:0:0:0:0:1 - - [25/Jul/2017:00:04:08 +1000] "GET /favicon-128.png HTTP/1.1" 200 8994
0:0:0:0:0:0:0:1 - - [25/Jul/2017:00:04:08 +1000] "GET /favicon-196x196.png HTTP/1.1" 200 36392
0:0:0:0:0:0:0:1 - - [25/Jul/2017:00:04:08 +1000] "GET /ryvrs/transactions?page=17 HTTP/1.1" 200 5868
0:0:0:0:0:0:0:1 - - [25/Jul/2017:00:04:08 +1000] "GET /favicon-32x32.png HTTP/1.1" 200 1029
0:0:0:0:0:0:0:1 - - [25/Jul/2017:00:04:08 +1000] "GET /favicon-16x16.png HTTP/1.1" 200 449
0:0:0:0:0:0:0:1 - - [25/Jul/2017:00:04:08 +1000] "GET /favicon-96x96.png HTTP/1.1" 200 6590
0:0:0:0:0:0:0:1 - - [25/Jul/2017:00:04:08 +1000] "GET /favicon-128.png HTTP/1.1" 200 8994
0:0:0:0:0:0:0:1 - - [25/Jul/2017:00:04:08 +1000] "GET /favicon-196x196.png HTTP/1.1" 200 36392
0:0:0:0:0:0:0:1 - - [25/Jul/2017:00:04:09 +1000] "GET /ryvrs/transactions?page=18 HTTP/1.1" 200 5868
0:0:0:0:0:0:0:1 - - [25/Jul/2017:00:04:09 +1000] "GET /favicon-32x32.png HTTP/1.1" 200 1029
0:0:0:0:0:0:0:1 - - [25/Jul/2017:00:04:09 +1000] "GET /favicon-16x16.png HTTP/1.1" 200 449
0:0:0:0:0:0:0:1 - - [25/Jul/2017:00:04:09 +1000] "GET /favicon-96x96.png HTTP/1.1" 200 6590
0:0:0:0:0:0:0:1 - - [25/Jul/2017:00:04:09 +1000] "GET /favicon-128.png HTTP/1.1" 200 8994
0:0:0:0:0:0:0:1 - - [25/Jul/2017:00:04:09 +1000] "GET /favicon-196x196.png HTTP/1.1" 200 36392
0:0:0:0:0:0:0:1 - - [25/Jul/2017:00:04:09 +1000] "GET /ryvrs/transactions?page=19 HTTP/1.1" 200 5868
0:0:0:0:0:0:0:1 - - [25/Jul/2017:00:04:09 +1000] "GET /favicon-32x32.png HTTP/1.1" 200 1029
0:0:0:0:0:0:0:1 - - [25/Jul/2017:00:04:09 +1000] "GET /favicon-16x16.png HTTP/1.1" 200 449
0:0:0:0:0:0:0:1 - - [25/Jul/2017:00:04:09 +1000] "GET /favicon-96x96.png HTTP/1.1" 200 6590
0:0:0:0:0:0:0:1 - - [25/Jul/2017:00:04:09 +1000] "GET /favicon-128.png HTTP/1.1" 200 8994
0:0:0:0:0:0:0:1 - - [25/Jul/2017:00:04:09 +1000] "GET /favicon-196x196.png HTTP/1.1" 200 36392
0:0:0:0:0:0:0:1 - - [25/Jul/2017:00:04:09 +1000] "GET /ryvrs/transactions?page=20 HTTP/1.1" 200 5868
0:0:0:0:0:0:0:1 - - [25/Jul/2017:00:04:09 +1000] "GET /favicon-32x32.png HTTP/1.1" 200 1029
0:0:0:0:0:0:0:1 - - [25/Jul/2017:00:04:09 +1000] "GET /favicon-16x16.png HTTP/1.1" 200 449
0:0:0:0:0:0:0:1 - - [25/Jul/2017:00:04:09 +1000] "GET /favicon-96x96.png HTTP/1.1" 200 6590
0:0:0:0:0:0:0:1 - - [25/Jul/2017:00:04:09 +1000] "GET /favicon-128.png HTTP/1.1" 200 8994
0:0:0:0:0:0:0:1 - - [25/Jul/2017:00:04:09 +1000] "GET /favicon-196x196.png HTTP/1.1" 200 36392
0:0:0:0:0:0:0:1 - - [25/Jul/2017:00:04:09 +1000] "GET /ryvrs/transactions?page=21 HTTP/1.1" 200 5868
0:0:0:0:0:0:0:1 - - [25/Jul/2017:00:04:09 +1000] "GET /favicon-32x32.png HTTP/1.1" 200 1029
0:0:0:0:0:0:0:1 - - [25/Jul/2017:00:04:09 +1000] "GET /favicon-16x16.png HTTP/1.1" 200 449
0:0:0:0:0:0:0:1 - - [25/Jul/2017:00:04:09 +1000] "GET /favicon-96x96.png HTTP/1.1" 200 6590
0:0:0:0:0:0:0:1 - - [25/Jul/2017:00:04:09 +1000] "GET /favicon-128.png HTTP/1.1" 200 8994
0:0:0:0:0:0:0:1 - - [25/Jul/2017:00:04:09 +1000] "GET /favicon-196x196.png HTTP/1.1" 200 36392
0:0:0:0:0:0:0:1 - - [25/Jul/2017:00:04:09 +1000] "GET /ryvrs/transactions?page=22 HTTP/1.1" 200 5868
0:0:0:0:0:0:0:1 - - [25/Jul/2017:00:04:10 +1000] "GET /favicon-32x32.png HTTP/1.1" 200 1029
0:0:0:0:0:0:0:1 - - [25/Jul/2017:00:04:10 +1000] "GET /favicon-16x16.png HTTP/1.1" 200 449
0:0:0:0:0:0:0:1 - - [25/Jul/2017:00:04:10 +1000] "GET /favicon-96x96.png HTTP/1.1" 200 6590
0:0:0:0:0:0:0:1 - - [25/Jul/2017:00:04:10 +1000] "GET /favicon-128.png HTTP/1.1" 200 8994
0:0:0:0:0:0:0:1 - - [25/Jul/2017:00:04:10 +1000] "GET /favicon-196x196.png HTTP/1.1" 200 36392
0:0:0:0:0:0:0:1 - - [25/Jul/2017:00:04:10 +1000] "GET /ryvrs/transactions?page=23 HTTP/1.1" 200 5868
0:0:0:0:0:0:0:1 - - [25/Jul/2017:00:04:10 +1000] "GET /favicon-32x32.png HTTP/1.1" 200 1029
0:0:0:0:0:0:0:1 - - [25/Jul/2017:00:04:10 +1000] "GET /favicon-16x16.png HTTP/1.1" 200 449
0:0:0:0:0:0:0:1 - - [25/Jul/2017:00:04:10 +1000] "GET /favicon-96x96.png HTTP/1.1" 200 6590
0:0:0:0:0:0:0:1 - - [25/Jul/2017:00:04:10 +1000] "GET /favicon-128.png HTTP/1.1" 200 8994
0:0:0:0:0:0:0:1 - - [25/Jul/2017:00:04:10 +1000] "GET /favicon-196x196.png HTTP/1.1" 200 36392
0:0:0:0:0:0:0:1 - - [25/Jul/2017:00:04:10 +1000] "GET /ryvrs/transactions?page=24 HTTP/1.1" 200 5868
0:0:0:0:0:0:0:1 - - [25/Jul/2017:00:04:10 +1000] "GET /favicon-32x32.png HTTP/1.1" 200 1029
0:0:0:0:0:0:0:1 - - [25/Jul/2017:00:04:10 +1000] "GET /favicon-16x16.png HTTP/1.1" 200 449
0:0:0:0:0:0:0:1 - - [25/Jul/2017:00:04:10 +1000] "GET /favicon-96x96.png HTTP/1.1" 200 6590
0:0:0:0:0:0:0:1 - - [25/Jul/2017:00:04:10 +1000] "GET /favicon-128.png HTTP/1.1" 200 8994
0:0:0:0:0:0:0:1 - - [25/Jul/2017:00:04:10 +1000] "GET /favicon-196x196.png HTTP/1.1" 200 36392
0:0:0:0:0:0:0:1 - - [25/Jul/2017:00:04:10 +1000] "GET /ryvrs/transactions?page=25 HTTP/1.1" 200 5868
0:0:0:0:0:0:0:1 - - [25/Jul/2017:00:04:10 +1000] "GET /favicon-32x32.png HTTP/1.1" 200 1029
0:0:0:0:0:0:0:1 - - [25/Jul/2017:00:04:10 +1000] "GET /favicon-16x16.png HTTP/1.1" 200 449
0:0:0:0:0:0:0:1 - - [25/Jul/2017:00:04:10 +1000] "GET /favicon-96x96.png HTTP/1.1" 200 6590
0:0:0:0:0:0:0:1 - - [25/Jul/2017:00:04:10 +1000] "GET /favicon-128.png HTTP/1.1" 200 8994
0:0:0:0:0:0:0:1 - - [25/Jul/2017:00:04:10 +1000] "GET /favicon-196x196.png HTTP/1.1" 200 36392
0:0:0:0:0:0:0:1 - - [25/Jul/2017:00:04:11 +1000] "GET /ryvrs/transactions?page=26 HTTP/1.1" 200 5868
0:0:0:0:0:0:0:1 - - [25/Jul/2017:00:04:11 +1000] "GET /favicon-32x32.png HTTP/1.1" 200 1029
0:0:0:0:0:0:0:1 - - [25/Jul/2017:00:04:11 +1000] "GET /favicon-16x16.png HTTP/1.1" 200 449
0:0:0:0:0:0:0:1 - - [25/Jul/2017:00:04:11 +1000] "GET /favicon-96x96.png HTTP/1.1" 200 6590
0:0:0:0:0:0:0:1 - - [25/Jul/2017:00:04:11 +1000] "GET /favicon-128.png HTTP/1.1" 200 8994
0:0:0:0:0:0:0:1 - - [25/Jul/2017:00:04:11 +1000] "GET /favicon-196x196.png HTTP/1.1" 200 36392
0:0:0:0:0:0:0:1 - - [25/Jul/2017:00:04:11 +1000] "GET /ryvrs/transactions?page=27 HTTP/1.1" 200 5868
0:0:0:0:0:0:0:1 - - [25/Jul/2017:00:04:11 +1000] "GET /favicon-32x32.png HTTP/1.1" 200 1029
0:0:0:0:0:0:0:1 - - [25/Jul/2017:00:04:11 +1000] "GET /favicon-16x16.png HTTP/1.1" 200 449
0:0:0:0:0:0:0:1 - - [25/Jul/2017:00:04:11 +1000] "GET /favicon-96x96.png HTTP/1.1" 200 6590
0:0:0:0:0:0:0:1 - - [25/Jul/2017:00:04:11 +1000] "GET /favicon-128.png HTTP/1.1" 200 8994
0:0:0:0:0:0:0:1 - - [25/Jul/2017:00:04:11 +1000] "GET /favicon-196x196.png HTTP/1.1" 200 36392
0:0:0:0:0:0:0:1 - - [25/Jul/2017:00:04:11 +1000] "GET /ryvrs/transactions?page=28 HTTP/1.1" 200 5868
0:0:0:0:0:0:0:1 - - [25/Jul/2017:00:04:11 +1000] "GET /favicon-32x32.png HTTP/1.1" 200 1029
0:0:0:0:0:0:0:1 - - [25/Jul/2017:00:04:11 +1000] "GET /favicon-16x16.png HTTP/1.1" 200 449
0:0:0:0:0:0:0:1 - - [25/Jul/2017:00:04:11 +1000] "GET /favicon-96x96.png HTTP/1.1" 200 6590
0:0:0:0:0:0:0:1 - - [25/Jul/2017:00:04:11 +1000] "GET /favicon-128.png HTTP/1.1" 200 8994
0:0:0:0:0:0:0:1 - - [25/Jul/2017:00:04:11 +1000] "GET /favicon-196x196.png HTTP/1.1" 200 36392
0:0:0:0:0:0:0:1 - - [25/Jul/2017:00:04:11 +1000] "GET /ryvrs/transactions?page=29 HTTP/1.1" 200 5868
0:0:0:0:0:0:0:1 - - [25/Jul/2017:00:04:11 +1000] "GET /favicon-32x32.png HTTP/1.1" 200 1029
0:0:0:0:0:0:0:1 - - [25/Jul/2017:00:04:11 +1000] "GET /favicon-16x16.png HTTP/1.1" 200 449
0:0:0:0:0:0:0:1 - - [25/Jul/2017:00:04:11 +1000] "GET /favicon-96x96.png HTTP/1.1" 200 6590
0:0:0:0:0:0:0:1 - - [25/Jul/2017:00:04:11 +1000] "GET /favicon-128.png HTTP/1.1" 200 8994
0:0:0:0:0:0:0:1 - - [25/Jul/2017:00:04:11 +1000] "GET /favicon-196x196.png HTTP/1.1" 200 36392
0:0:0:0:0:0:0:1 - - [25/Jul/2017:00:04:12 +1000] "GET /ryvrs/transactions?page=30 HTTP/1.1" 200 5868
0:0:0:0:0:0:0:1 - - [25/Jul/2017:00:04:12 +1000] "GET /favicon-32x32.png HTTP/1.1" 200 1029
0:0:0:0:0:0:0:1 - - [25/Jul/2017:00:04:12 +1000] "GET /favicon-16x16.png HTTP/1.1" 200 449
0:0:0:0:0:0:0:1 - - [25/Jul/2017:00:04:12 +1000] "GET /favicon-96x96.png HTTP/1.1" 200 6590
0:0:0:0:0:0:0:1 - - [25/Jul/2017:00:04:12 +1000] "GET /favicon-128.png HTTP/1.1" 200 8994
0:0:0:0:0:0:0:1 - - [25/Jul/2017:00:04:12 +1000] "GET /favicon-196x196.png HTTP/1.1" 200 36392
0:0:0:0:0:0:0:1 - - [25/Jul/2017:00:04:12 +1000] "GET /ryvrs/transactions?page=31 HTTP/1.1" 200 5868
0:0:0:0:0:0:0:1 - - [25/Jul/2017:00:04:12 +1000] "GET /favicon-32x32.png HTTP/1.1" 200 1029
0:0:0:0:0:0:0:1 - - [25/Jul/2017:00:04:12 +1000] "GET /favicon-16x16.png HTTP/1.1" 200 449
0:0:0:0:0:0:0:1 - - [25/Jul/2017:00:04:12 +1000] "GET /favicon-96x96.png HTTP/1.1" 200 6590
0:0:0:0:0:0:0:1 - - [25/Jul/2017:00:04:12 +1000] "GET /favicon-128.png HTTP/1.1" 200 8994
0:0:0:0:0:0:0:1 - - [25/Jul/2017:00:04:12 +1000] "GET /favicon-196x196.png HTTP/1.1" 200 36392
0:0:0:0:0:0:0:1 - - [25/Jul/2017:00:04:12 +1000] "GET /ryvrs/transactions?page=32 HTTP/1.1" 200 5868
0:0:0:0:0:0:0:1 - - [25/Jul/2017:00:04:12 +1000] "GET /favicon-32x32.png HTTP/1.1" 200 1029
0:0:0:0:0:0:0:1 - - [25/Jul/2017:00:04:12 +1000] "GET /favicon-16x16.png HTTP/1.1" 200 449
0:0:0:0:0:0:0:1 - - [25/Jul/2017:00:04:12 +1000] "GET /favicon-96x96.png HTTP/1.1" 200 6590
0:0:0:0:0:0:0:1 - - [25/Jul/2017:00:04:12 +1000] "GET /favicon-128.png HTTP/1.1" 200 8994
0:0:0:0:0:0:0:1 - - [25/Jul/2017:00:04:12 +1000] "GET /favicon-196x196.png HTTP/1.1" 200 36392
0:0:0:0:0:0:0:1 - - [25/Jul/2017:00:04:12 +1000] "GET /ryvrs/transactions?page=33 HTTP/1.1" 200 5868
0:0:0:0:0:0:0:1 - - [25/Jul/2017:00:04:12 +1000] "GET /favicon-32x32.png HTTP/1.1" 200 1029
0:0:0:0:0:0:0:1 - - [25/Jul/2017:00:04:12 +1000] "GET /favicon-16x16.png HTTP/1.1" 200 449
0:0:0:0:0:0:0:1 - - [25/Jul/2017:00:04:12 +1000] "GET /favicon-96x96.png HTTP/1.1" 200 6590
0:0:0:0:0:0:0:1 - - [25/Jul/2017:00:04:12 +1000] "GET /favicon-128.png HTTP/1.1" 200 8994
0:0:0:0:0:0:0:1 - - [25/Jul/2017:00:04:12 +1000] "GET /favicon-196x196.png HTTP/1.1" 200 36392
0:0:0:0:0:0:0:1 - - [25/Jul/2017:00:04:13 +1000] "GET /ryvrs/transactions?page=34 HTTP/1.1" 200 5868
0:0:0:0:0:0:0:1 - - [25/Jul/2017:00:04:13 +1000] "GET /favicon-32x32.png HTTP/1.1" 200 1029
0:0:0:0:0:0:0:1 - - [25/Jul/2017:00:04:13 +1000] "GET /favicon-16x16.png HTTP/1.1" 200 449
0:0:0:0:0:0:0:1 - - [25/Jul/2017:00:04:13 +1000] "GET /favicon-96x96.png HTTP/1.1" 200 6590
0:0:0:0:0:0:0:1 - - [25/Jul/2017:00:04:13 +1000] "GET /favicon-128.png HTTP/1.1" 200 8994
0:0:0:0:0:0:0:1 - - [25/Jul/2017:00:04:13 +1000] "GET /favicon-196x196.png HTTP/1.1" 200 36392
0:0:0:0:0:0:0:1 - - [25/Jul/2017:00:04:13 +1000] "GET /ryvrs/transactions?page=35 HTTP/1.1" 200 5868
0:0:0:0:0:0:0:1 - - [25/Jul/2017:00:04:13 +1000] "GET /favicon-32x32.png HTTP/1.1" 200 1029
0:0:0:0:0:0:0:1 - - [25/Jul/2017:00:04:13 +1000] "GET /favicon-16x16.png HTTP/1.1" 200 449
0:0:0:0:0:0:0:1 - - [25/Jul/2017:00:04:13 +1000] "GET /favicon-96x96.png HTTP/1.1" 200 6590
0:0:0:0:0:0:0:1 - - [25/Jul/2017:00:04:13 +1000] "GET /favicon-128.png HTTP/1.1" 200 8994
0:0:0:0:0:0:0:1 - - [25/Jul/2017:00:04:13 +1000] "GET /favicon-196x196.png HTTP/1.1" 200 36392
0:0:0:0:0:0:0:1 - - [25/Jul/2017:00:04:13 +1000] "GET /ryvrs/transactions?page=36 HTTP/1.1" 200 5868
0:0:0:0:0:0:0:1 - - [25/Jul/2017:00:04:13 +1000] "GET /favicon-32x32.png HTTP/1.1" 200 1029
0:0:0:0:0:0:0:1 - - [25/Jul/2017:00:04:13 +1000] "GET /favicon-16x16.png HTTP/1.1" 200 449
0:0:0:0:0:0:0:1 - - [25/Jul/2017:00:04:13 +1000] "GET /favicon-96x96.png HTTP/1.1" 200 6590
0:0:0:0:0:0:0:1 - - [25/Jul/2017:00:04:13 +1000] "GET /favicon-128.png HTTP/1.1" 200 8994
0:0:0:0:0:0:0:1 - - [25/Jul/2017:00:04:13 +1000] "GET /favicon-196x196.png HTTP/1.1" 200 36392
0:0:0:0:0:0:0:1 - - [25/Jul/2017:00:04:13 +1000] "GET /ryvrs/transactions?page=37 HTTP/1.1" 200 5868
0:0:0:0:0:0:0:1 - - [25/Jul/2017:00:04:13 +1000] "GET /favicon-32x32.png HTTP/1.1" 200 1029
0:0:0:0:0:0:0:1 - - [25/Jul/2017:00:04:13 +1000] "GET /favicon-16x16.png HTTP/1.1" 200 449
0:0:0:0:0:0:0:1 - - [25/Jul/2017:00:04:13 +1000] "GET /favicon-96x96.png HTTP/1.1" 200 6590
0:0:0:0:0:0:0:1 - - [25/Jul/2017:00:04:13 +1000] "GET /favicon-128.png HTTP/1.1" 200 8994
0:0:0:0:0:0:0:1 - - [25/Jul/2017:00:04:13 +1000] "GET /favicon-196x196.png HTTP/1.1" 200 36392
0:0:0:0:0:0:0:1 - - [25/Jul/2017:00:04:13 +1000] "GET /ryvrs/transactions?page=38 HTTP/1.1" 200 5970
0:0:0:0:0:0:0:1 - - [25/Jul/2017:00:04:14 +1000] "GET /favicon-32x32.png HTTP/1.1" 200 1029
0:0:0:0:0:0:0:1 - - [25/Jul/2017:00:04:14 +1000] "GET /favicon-16x16.png HTTP/1.1" 200 449
0:0:0:0:0:0:0:1 - - [25/Jul/2017:00:04:14 +1000] "GET /favicon-96x96.png HTTP/1.1" 200 6590
0:0:0:0:0:0:0:1 - - [25/Jul/2017:00:04:14 +1000] "GET /favicon-128.png HTTP/1.1" 200 8994
0:0:0:0:0:0:0:1 - - [25/Jul/2017:00:04:14 +1000] "GET /favicon-196x196.png HTTP/1.1" 200 36392
0:0:0:0:0:0:0:1 - - [25/Jul/2017:00:04:14 +1000] "GET /ryvrs/transactions?page=39 HTTP/1.1" 200 5996
0:0:0:0:0:0:0:1 - - [25/Jul/2017:00:04:14 +1000] "GET /favicon-32x32.png HTTP/1.1" 200 1029
0:0:0:0:0:0:0:1 - - [25/Jul/2017:00:04:14 +1000] "GET /favicon-16x16.png HTTP/1.1" 200 449
0:0:0:0:0:0:0:1 - - [25/Jul/2017:00:04:14 +1000] "GET /favicon-96x96.png HTTP/1.1" 200 6590
0:0:0:0:0:0:0:1 - - [25/Jul/2017:00:04:14 +1000] "GET /favicon-128.png HTTP/1.1" 200 8994
0:0:0:0:0:0:0:1 - - [25/Jul/2017:00:04:14 +1000] "GET /favicon-196x196.png HTTP/1.1" 200 36392
0:0:0:0:0:0:0:1 - - [25/Jul/2017:00:04:14 +1000] "GET /ryvrs/transactions?page=40 HTTP/1.1" 200 5996
0:0:0:0:0:0:0:1 - - [25/Jul/2017:00:04:14 +1000] "GET /favicon-32x32.png HTTP/1.1" 200 1029
0:0:0:0:0:0:0:1 - - [25/Jul/2017:00:04:14 +1000] "GET /favicon-16x16.png HTTP/1.1" 200 449
0:0:0:0:0:0:0:1 - - [25/Jul/2017:00:04:14 +1000] "GET /favicon-96x96.png HTTP/1.1" 200 6590
0:0:0:0:0:0:0:1 - - [25/Jul/2017:00:04:14 +1000] "GET /favicon-128.png HTTP/1.1" 200 8994
0:0:0:0:0:0:0:1 - - [25/Jul/2017:00:04:14 +1000] "GET /favicon-196x196.png HTTP/1.1" 200 36392
0:0:0:0:0:0:0:1 - - [25/Jul/2017:00:04:14 +1000] "GET /ryvrs/transactions?page=41 HTTP/1.1" 200 5996
0:0:0:0:0:0:0:1 - - [25/Jul/2017:00:04:14 +1000] "GET /favicon-32x32.png HTTP/1.1" 200 1029
0:0:0:0:0:0:0:1 - - [25/Jul/2017:00:04:14 +1000] "GET /favicon-16x16.png HTTP/1.1" 200 449
0:0:0:0:0:0:0:1 - - [25/Jul/2017:00:04:14 +1000] "GET /favicon-96x96.png HTTP/1.1" 200 6590
0:0:0:0:0:0:0:1 - - [25/Jul/2017:00:04:14 +1000] "GET /favicon-128.png HTTP/1.1" 200 8994
0:0:0:0:0:0:0:1 - - [25/Jul/2017:00:04:14 +1000] "GET /favicon-196x196.png HTTP/1.1" 200 36392
0:0:0:0:0:0:0:1 - - [25/Jul/2017:00:04:14 +1000] "GET /ryvrs/transactions?page=42 HTTP/1.1" 200 5996
0:0:0:0:0:0:0:1 - - [25/Jul/2017:00:04:15 +1000] "GET /favicon-32x32.png HTTP/1.1" 200 1029
0:0:0:0:0:0:0:1 - - [25/Jul/2017:00:04:15 +1000] "GET /favicon-16x16.png HTTP/1.1" 200 449
0:0:0:0:0:0:0:1 - - [25/Jul/2017:00:04:15 +1000] "GET /favicon-96x96.png HTTP/1.1" 200 6590
0:0:0:0:0:0:0:1 - - [25/Jul/2017:00:04:15 +1000] "GET /favicon-128.png HTTP/1.1" 200 8994
0:0:0:0:0:0:0:1 - - [25/Jul/2017:00:04:15 +1000] "GET /favicon-196x196.png HTTP/1.1" 200 36392
0:0:0:0:0:0:0:1 - - [25/Jul/2017:00:04:15 +1000] "GET /ryvrs/transactions?page=43 HTTP/1.1" 200 5996
0:0:0:0:0:0:0:1 - - [25/Jul/2017:00:04:15 +1000] "GET /favicon-32x32.png HTTP/1.1" 200 1029
0:0:0:0:0:0:0:1 - - [25/Jul/2017:00:04:15 +1000] "GET /favicon-16x16.png HTTP/1.1" 200 449
0:0:0:0:0:0:0:1 - - [25/Jul/2017:00:04:15 +1000] "GET /favicon-96x96.png HTTP/1.1" 200 6590
0:0:0:0:0:0:0:1 - - [25/Jul/2017:00:04:15 +1000] "GET /favicon-128.png HTTP/1.1" 200 8994
0:0:0:0:0:0:0:1 - - [25/Jul/2017:00:04:15 +1000] "GET /favicon-196x196.png HTTP/1.1" 200 36392
0:0:0:0:0:0:0:1 - - [25/Jul/2017:00:04:15 +1000] "GET /ryvrs/transactions?page=44 HTTP/1.1" 200 5996
0:0:0:0:0:0:0:1 - - [25/Jul/2017:00:04:15 +1000] "GET /favicon-32x32.png HTTP/1.1" 200 1029
0:0:0:0:0:0:0:1 - - [25/Jul/2017:00:04:15 +1000] "GET /favicon-16x16.png HTTP/1.1" 200 449
0:0:0:0:0:0:0:1 - - [25/Jul/2017:00:04:15 +1000] "GET /favicon-96x96.png HTTP/1.1" 200 6590
0:0:0:0:0:0:0:1 - - [25/Jul/2017:00:04:15 +1000] "GET /favicon-128.png HTTP/1.1" 200 8994
0:0:0:0:0:0:0:1 - - [25/Jul/2017:00:04:15 +1000] "GET /favicon-196x196.png HTTP/1.1" 200 36392
0:0:0:0:0:0:0:1 - - [25/Jul/2017:00:04:15 +1000] "GET /ryvrs/transactions?page=45 HTTP/1.1" 200 5996
0:0:0:0:0:0:0:1 - - [25/Jul/2017:00:04:16 +1000] "GET /favicon-32x32.png HTTP/1.1" 200 1029
0:0:0:0:0:0:0:1 - - [25/Jul/2017:00:04:16 +1000] "GET /favicon-16x16.png HTTP/1.1" 200 449
0:0:0:0:0:0:0:1 - - [25/Jul/2017:00:04:16 +1000] "GET /favicon-96x96.png HTTP/1.1" 200 6590
0:0:0:0:0:0:0:1 - - [25/Jul/2017:00:04:16 +1000] "GET /favicon-128.png HTTP/1.1" 200 8994
0:0:0:0:0:0:0:1 - - [25/Jul/2017:00:04:16 +1000] "GET /favicon-196x196.png HTTP/1.1" 200 36392
0:0:0:0:0:0:0:1 - - [25/Jul/2017:00:04:16 +1000] "GET /ryvrs/transactions?page=46 HTTP/1.1" 200 5996
0:0:0:0:0:0:0:1 - - [25/Jul/2017:00:04:16 +1000] "GET /favicon-32x32.png HTTP/1.1" 200 1029
0:0:0:0:0:0:0:1 - - [25/Jul/2017:00:04:16 +1000] "GET /favicon-16x16.png HTTP/1.1" 200 449
0:0:0:0:0:0:0:1 - - [25/Jul/2017:00:04:16 +1000] "GET /favicon-96x96.png HTTP/1.1" 200 6590
0:0:0:0:0:0:0:1 - - [25/Jul/2017:00:04:16 +1000] "GET /favicon-128.png HTTP/1.1" 200 8994
0:0:0:0:0:0:0:1 - - [25/Jul/2017:00:04:16 +1000] "GET /favicon-196x196.png HTTP/1.1" 200 36392
0:0:0:0:0:0:0:1 - - [25/Jul/2017:00:04:16 +1000] "GET /ryvrs/transactions?page=47 HTTP/1.1" 200 5996
0:0:0:0:0:0:0:1 - - [25/Jul/2017:00:04:16 +1000] "GET /favicon-32x32.png HTTP/1.1" 200 1029
0:0:0:0:0:0:0:1 - - [25/Jul/2017:00:04:16 +1000] "GET /favicon-16x16.png HTTP/1.1" 200 449
0:0:0:0:0:0:0:1 - - [25/Jul/2017:00:04:16 +1000] "GET /favicon-96x96.png HTTP/1.1" 200 6590
0:0:0:0:0:0:0:1 - - [25/Jul/2017:00:04:16 +1000] "GET /favicon-128.png HTTP/1.1" 200 8994
0:0:0:0:0:0:0:1 - - [25/Jul/2017:00:04:16 +1000] "GET /favicon-196x196.png HTTP/1.1" 200 36392
0:0:0:0:0:0:0:1 - - [25/Jul/2017:00:04:16 +1000] "GET /ryvrs/transactions?page=48 HTTP/1.1" 200 5996
0:0:0:0:0:0:0:1 - - [25/Jul/2017:00:04:16 +1000] "GET /favicon-32x32.png HTTP/1.1" 200 1029
0:0:0:0:0:0:0:1 - - [25/Jul/2017:00:04:16 +1000] "GET /favicon-16x16.png HTTP/1.1" 200 449
0:0:0:0:0:0:0:1 - - [25/Jul/2017:00:04:16 +1000] "GET /favicon-96x96.png HTTP/1.1" 200 6590
0:0:0:0:0:0:0:1 - - [25/Jul/2017:00:04:16 +1000] "GET /favicon-128.png HTTP/1.1" 200 8994
0:0:0:0:0:0:0:1 - - [25/Jul/2017:00:04:16 +1000] "GET /favicon-196x196.png HTTP/1.1" 200 36392
0:0:0:0:0:0:0:1 - - [25/Jul/2017:00:04:20 +1000] "GET /ryvrs/transactions?page=49 HTTP/1.1" 200 5996
0:0:0:0:0:0:0:1 - - [25/Jul/2017:00:04:20 +1000] "GET /favicon-32x32.png HTTP/1.1" 200 1029
0:0:0:0:0:0:0:1 - - [25/Jul/2017:00:04:20 +1000] "GET /favicon-16x16.png HTTP/1.1" 200 449
0:0:0:0:0:0:0:1 - - [25/Jul/2017:00:04:20 +1000] "GET /favicon-96x96.png HTTP/1.1" 200 6590
0:0:0:0:0:0:0:1 - - [25/Jul/2017:00:04:20 +1000] "GET /favicon-128.png HTTP/1.1" 200 8994
0:0:0:0:0:0:0:1 - - [25/Jul/2017:00:04:20 +1000] "GET /favicon-196x196.png HTTP/1.1" 200 36392
0:0:0:0:0:0:0:1 - - [25/Jul/2017:00:04:20 +1000] "GET /ryvrs/transactions?page=50 HTTP/1.1" 200 5996
0:0:0:0:0:0:0:1 - - [25/Jul/2017:00:04:20 +1000] "GET /favicon-32x32.png HTTP/1.1" 200 1029
0:0:0:0:0:0:0:1 - - [25/Jul/2017:00:04:20 +1000] "GET /favicon-16x16.png HTTP/1.1" 200 449
0:0:0:0:0:0:0:1 - - [25/Jul/2017:00:04:20 +1000] "GET /favicon-96x96.png HTTP/1.1" 200 6590
0:0:0:0:0:0:0:1 - - [25/Jul/2017:00:04:20 +1000] "GET /favicon-128.png HTTP/1.1" 200 8994
0:0:0:0:0:0:0:1 - - [25/Jul/2017:00:04:20 +1000] "GET /favicon-196x196.png HTTP/1.1" 200 36392
0:0:0:0:0:0:0:1 - - [25/Jul/2017:00:06:18 +1000] "GET /ryvrs/transactions?page=50 HTTP/1.1" 200 19213
0:0:0:0:0:0:0:1 - - [25/Jul/2017:00:06:18 +1000] "GET /webjars/bootstrap/css/bootstrap.min.css HTTP/1.1" 200 121200
0:0:0:0:0:0:0:1 - - [25/Jul/2017:00:06:18 +1000] "GET /webjars/angularjs/angular-csp.css HTTP/1.1" 200 343
0:0:0:0:0:0:0:1 - - [25/Jul/2017:00:06:18 +1000] "GET /css/style.css HTTP/1.1" 200 2408
0:0:0:0:0:0:0:1 - - [25/Jul/2017:00:06:18 +1000] "GET /webjars.js HTTP/1.1" 200 108702
0:0:0:0:0:0:0:1 - - [25/Jul/2017:00:06:18 +1000] "GET /webjars/requirejs/require.min.js HTTP/1.1" 200 17831
0:0:0:0:0:0:0:1 - - [25/Jul/2017:00:06:18 +1000] "GET /wide_color_logo_transparent_background_164_x_25.png HTTP/1.1" 200 5249
0:0:0:0:0:0:0:1 - - [25/Jul/2017:00:06:18 +1000] "GET /webjars/bootstrap/css/bootstrap.min.css.map HTTP/1.1" 200 542194
0:0:0:0:0:0:0:1 - - [25/Jul/2017:00:06:18 +1000] "GET /js/main.js HTTP/1.1" 200 253
0:0:0:0:0:0:0:1 - - [25/Jul/2017:00:06:18 +1000] "GET /favicon-32x32.png HTTP/1.1" 200 1029
0:0:0:0:0:0:0:1 - - [25/Jul/2017:00:06:18 +1000] "GET /js/ryvr.js HTTP/1.1" 200 10231
0:0:0:0:0:0:0:1 - - [25/Jul/2017:00:06:18 +1000] "GET /favicon-16x16.png HTTP/1.1" 200 449
0:0:0:0:0:0:0:1 - - [25/Jul/2017:00:06:18 +1000] "GET /webjars/angularjs/1.6.4/angular.js HTTP/1.1" 200 1249863
0:0:0:0:0:0:0:1 - - [25/Jul/2017:00:06:18 +1000] "GET /webjars/jquery/3.1.1-1/jquery.js HTTP/1.1" 200 267194
0:0:0:0:0:0:0:1 - - [25/Jul/2017:00:06:18 +1000] "GET /favicon-96x96.png HTTP/1.1" 200 6590
0:0:0:0:0:0:0:1 - - [25/Jul/2017:00:06:18 +1000] "GET /favicon-128.png HTTP/1.1" 200 8994
0:0:0:0:0:0:0:1 - - [25/Jul/2017:00:06:19 +1000] "GET /webjars/bootstrap/3.3.7-1/js/bootstrap.js HTTP/1.1" 200 69707
0:0:0:0:0:0:0:1 - - [25/Jul/2017:00:06:19 +1000] "GET /favicon-196x196.png HTTP/1.1" 200 36392
0:0:0:0:0:0:0:1 - - [25/Jul/2017:00:06:23 +1000] "GET /ryvrs/transactions?page=1 HTTP/1.1" 200 5446
0:0:0:0:0:0:0:1 - - [25/Jul/2017:00:06:23 +1000] "GET /favicon-32x32.png HTTP/1.1" 200 1029
0:0:0:0:0:0:0:1 - - [25/Jul/2017:00:06:23 +1000] "GET /favicon-16x16.png HTTP/1.1" 200 449
0:0:0:0:0:0:0:1 - - [25/Jul/2017:00:06:23 +1000] "GET /favicon-96x96.png HTTP/1.1" 200 6590
0:0:0:0:0:0:0:1 - - [25/Jul/2017:00:06:23 +1000] "GET /favicon-128.png HTTP/1.1" 200 8994
0:0:0:0:0:0:0:1 - - [25/Jul/2017:00:06:23 +1000] "GET /favicon-196x196.png HTTP/1.1" 200 36392
0:0:0:0:0:0:0:1 - - [25/Jul/2017:00:06:25 +1000] "GET /ryvrs/transactions?page=2 HTTP/1.1" 200 5611
0:0:0:0:0:0:0:1 - - [25/Jul/2017:00:06:25 +1000] "GET /favicon-32x32.png HTTP/1.1" 200 1029
0:0:0:0:0:0:0:1 - - [25/Jul/2017:00:06:25 +1000] "GET /favicon-16x16.png HTTP/1.1" 200 449
0:0:0:0:0:0:0:1 - - [25/Jul/2017:00:06:25 +1000] "GET /favicon-96x96.png HTTP/1.1" 200 6590
0:0:0:0:0:0:0:1 - - [25/Jul/2017:00:06:25 +1000] "GET /favicon-128.png HTTP/1.1" 200 8994
0:0:0:0:0:0:0:1 - - [25/Jul/2017:00:06:25 +1000] "GET /favicon-196x196.png HTTP/1.1" 200 36392
0:0:0:0:0:0:0:1 - - [25/Jul/2017:00:06:25 +1000] "GET /ryvrs/transactions?page=3 HTTP/1.1" 200 5611
0:0:0:0:0:0:0:1 - - [25/Jul/2017:00:06:26 +1000] "GET /favicon-32x32.png HTTP/1.1" 200 1029
0:0:0:0:0:0:0:1 - - [25/Jul/2017:00:06:26 +1000] "GET /favicon-16x16.png HTTP/1.1" 200 449
0:0:0:0:0:0:0:1 - - [25/Jul/2017:00:06:26 +1000] "GET /favicon-96x96.png HTTP/1.1" 200 6590
0:0:0:0:0:0:0:1 - - [25/Jul/2017:00:06:26 +1000] "GET /favicon-128.png HTTP/1.1" 200 8994
0:0:0:0:0:0:0:1 - - [25/Jul/2017:00:06:26 +1000] "GET /favicon-196x196.png HTTP/1.1" 200 36392
0:0:0:0:0:0:0:1 - - [25/Jul/2017:00:06:26 +1000] "GET /ryvrs/transactions?page=4 HTTP/1.1" 200 5646
0:0:0:0:0:0:0:1 - - [25/Jul/2017:00:06:26 +1000] "GET /favicon-32x32.png HTTP/1.1" 200 1029
0:0:0:0:0:0:0:1 - - [25/Jul/2017:00:06:26 +1000] "GET /favicon-16x16.png HTTP/1.1" 200 449
0:0:0:0:0:0:0:1 - - [25/Jul/2017:00:06:26 +1000] "GET /favicon-96x96.png HTTP/1.1" 200 6590
0:0:0:0:0:0:0:1 - - [25/Jul/2017:00:06:26 +1000] "GET /favicon-128.png HTTP/1.1" 200 8994
0:0:0:0:0:0:0:1 - - [25/Jul/2017:00:06:26 +1000] "GET /favicon-196x196.png HTTP/1.1" 200 36392
0:0:0:0:0:0:0:1 - - [25/Jul/2017:00:06:26 +1000] "GET /ryvrs/transactions?page=5 HTTP/1.1" 200 5739
0:0:0:0:0:0:0:1 - - [25/Jul/2017:00:06:26 +1000] "GET /favicon-32x32.png HTTP/1.1" 200 1029
0:0:0:0:0:0:0:1 - - [25/Jul/2017:00:06:26 +1000] "GET /favicon-16x16.png HTTP/1.1" 200 449
0:0:0:0:0:0:0:1 - - [25/Jul/2017:00:06:26 +1000] "GET /favicon-96x96.png HTTP/1.1" 200 6590
0:0:0:0:0:0:0:1 - - [25/Jul/2017:00:06:26 +1000] "GET /favicon-128.png HTTP/1.1" 200 8994
0:0:0:0:0:0:0:1 - - [25/Jul/2017:00:06:26 +1000] "GET /favicon-196x196.png HTTP/1.1" 200 36392
0:0:0:0:0:0:0:1 - - [25/Jul/2017:00:06:26 +1000] "GET /ryvrs/transactions?page=6 HTTP/1.1" 200 5739
0:0:0:0:0:0:0:1 - - [25/Jul/2017:00:06:27 +1000] "GET /favicon-32x32.png HTTP/1.1" 200 1029
0:0:0:0:0:0:0:1 - - [25/Jul/2017:00:06:27 +1000] "GET /favicon-16x16.png HTTP/1.1" 200 449
0:0:0:0:0:0:0:1 - - [25/Jul/2017:00:06:27 +1000] "GET /favicon-96x96.png HTTP/1.1" 200 6590
0:0:0:0:0:0:0:1 - - [25/Jul/2017:00:06:27 +1000] "GET /favicon-128.png HTTP/1.1" 200 8994
0:0:0:0:0:0:0:1 - - [25/Jul/2017:00:06:27 +1000] "GET /favicon-196x196.png HTTP/1.1" 200 36392
0:0:0:0:0:0:0:1 - - [25/Jul/2017:00:06:27 +1000] "GET /ryvrs/transactions?page=7 HTTP/1.1" 200 5739
0:0:0:0:0:0:0:1 - - [25/Jul/2017:00:06:27 +1000] "GET /favicon-32x32.png HTTP/1.1" 200 1029
0:0:0:0:0:0:0:1 - - [25/Jul/2017:00:06:27 +1000] "GET /favicon-16x16.png HTTP/1.1" 200 449
0:0:0:0:0:0:0:1 - - [25/Jul/2017:00:06:27 +1000] "GET /favicon-96x96.png HTTP/1.1" 200 6590
0:0:0:0:0:0:0:1 - - [25/Jul/2017:00:06:27 +1000] "GET /favicon-128.png HTTP/1.1" 200 8994
0:0:0:0:0:0:0:1 - - [25/Jul/2017:00:06:27 +1000] "GET /favicon-196x196.png HTTP/1.1" 200 36392
0:0:0:0:0:0:0:1 - - [25/Jul/2017:00:06:27 +1000] "GET /ryvrs/transactions?page=8 HTTP/1.1" 200 5763
0:0:0:0:0:0:0:1 - - [25/Jul/2017:00:06:27 +1000] "GET /favicon-32x32.png HTTP/1.1" 200 1029
0:0:0:0:0:0:0:1 - - [25/Jul/2017:00:06:27 +1000] "GET /favicon-16x16.png HTTP/1.1" 200 449
0:0:0:0:0:0:0:1 - - [25/Jul/2017:00:06:27 +1000] "GET /favicon-96x96.png HTTP/1.1" 200 6590
0:0:0:0:0:0:0:1 - - [25/Jul/2017:00:06:27 +1000] "GET /favicon-128.png HTTP/1.1" 200 8994
0:0:0:0:0:0:0:1 - - [25/Jul/2017:00:06:27 +1000] "GET /favicon-196x196.png HTTP/1.1" 200 36392
0:0:0:0:0:0:0:1 - - [25/Jul/2017:00:06:27 +1000] "GET /ryvrs/transactions?page=9 HTTP/1.1" 200 5867
0:0:0:0:0:0:0:1 - - [25/Jul/2017:00:06:27 +1000] "GET /favicon-32x32.png HTTP/1.1" 200 1029
0:0:0:0:0:0:0:1 - - [25/Jul/2017:00:06:27 +1000] "GET /favicon-16x16.png HTTP/1.1" 200 449
0:0:0:0:0:0:0:1 - - [25/Jul/2017:00:06:27 +1000] "GET /favicon-96x96.png HTTP/1.1" 200 6590
0:0:0:0:0:0:0:1 - - [25/Jul/2017:00:06:27 +1000] "GET /favicon-128.png HTTP/1.1" 200 8994
0:0:0:0:0:0:0:1 - - [25/Jul/2017:00:06:27 +1000] "GET /favicon-196x196.png HTTP/1.1" 200 36392
0:0:0:0:0:0:0:1 - - [25/Jul/2017:00:06:27 +1000] "GET /ryvrs/transactions?page=10 HTTP/1.1" 200 5868
0:0:0:0:0:0:0:1 - - [25/Jul/2017:00:06:27 +1000] "GET /favicon-32x32.png HTTP/1.1" 200 1029
0:0:0:0:0:0:0:1 - - [25/Jul/2017:00:06:27 +1000] "GET /favicon-16x16.png HTTP/1.1" 200 449
0:0:0:0:0:0:0:1 - - [25/Jul/2017:00:06:27 +1000] "GET /favicon-96x96.png HTTP/1.1" 200 6590
0:0:0:0:0:0:0:1 - - [25/Jul/2017:00:06:27 +1000] "GET /favicon-128.png HTTP/1.1" 200 8994
0:0:0:0:0:0:0:1 - - [25/Jul/2017:00:06:27 +1000] "GET /favicon-196x196.png HTTP/1.1" 200 36392
0:0:0:0:0:0:0:1 - - [25/Jul/2017:00:06:28 +1000] "GET /ryvrs/transactions?page=11 HTTP/1.1" 200 5868
0:0:0:0:0:0:0:1 - - [25/Jul/2017:00:06:28 +1000] "GET /favicon-32x32.png HTTP/1.1" 200 1029
0:0:0:0:0:0:0:1 - - [25/Jul/2017:00:06:28 +1000] "GET /favicon-16x16.png HTTP/1.1" 200 449
0:0:0:0:0:0:0:1 - - [25/Jul/2017:00:06:28 +1000] "GET /favicon-96x96.png HTTP/1.1" 200 6590
0:0:0:0:0:0:0:1 - - [25/Jul/2017:00:06:28 +1000] "GET /favicon-128.png HTTP/1.1" 200 8994
0:0:0:0:0:0:0:1 - - [25/Jul/2017:00:06:28 +1000] "GET /favicon-196x196.png HTTP/1.1" 200 36392
0:0:0:0:0:0:0:1 - - [25/Jul/2017:00:06:28 +1000] "GET /ryvrs/transactions?page=12 HTTP/1.1" 200 5868
0:0:0:0:0:0:0:1 - - [25/Jul/2017:00:06:28 +1000] "GET /favicon-32x32.png HTTP/1.1" 200 1029
0:0:0:0:0:0:0:1 - - [25/Jul/2017:00:06:28 +1000] "GET /favicon-16x16.png HTTP/1.1" 200 449
0:0:0:0:0:0:0:1 - - [25/Jul/2017:00:06:28 +1000] "GET /favicon-96x96.png HTTP/1.1" 200 6590
0:0:0:0:0:0:0:1 - - [25/Jul/2017:00:06:28 +1000] "GET /favicon-128.png HTTP/1.1" 200 8994
0:0:0:0:0:0:0:1 - - [25/Jul/2017:00:06:28 +1000] "GET /favicon-196x196.png HTTP/1.1" 200 36392
0:0:0:0:0:0:0:1 - - [25/Jul/2017:00:06:28 +1000] "GET /ryvrs/transactions?page=13 HTTP/1.1" 200 5868
0:0:0:0:0:0:0:1 - - [25/Jul/2017:00:06:28 +1000] "GET /favicon-32x32.png HTTP/1.1" 200 1029
0:0:0:0:0:0:0:1 - - [25/Jul/2017:00:06:28 +1000] "GET /favicon-16x16.png HTTP/1.1" 200 449
0:0:0:0:0:0:0:1 - - [25/Jul/2017:00:06:28 +1000] "GET /favicon-96x96.png HTTP/1.1" 200 6590
0:0:0:0:0:0:0:1 - - [25/Jul/2017:00:06:28 +1000] "GET /favicon-128.png HTTP/1.1" 200 8994
0:0:0:0:0:0:0:1 - - [25/Jul/2017:00:06:28 +1000] "GET /favicon-196x196.png HTTP/1.1" 200 36392
0:0:0:0:0:0:0:1 - - [25/Jul/2017:00:06:28 +1000] "GET /ryvrs/transactions?page=14 HTTP/1.1" 200 5868
0:0:0:0:0:0:0:1 - - [25/Jul/2017:00:06:28 +1000] "GET /favicon-32x32.png HTTP/1.1" 200 1029
0:0:0:0:0:0:0:1 - - [25/Jul/2017:00:06:28 +1000] "GET /favicon-16x16.png HTTP/1.1" 200 449
0:0:0:0:0:0:0:1 - - [25/Jul/2017:00:06:28 +1000] "GET /favicon-96x96.png HTTP/1.1" 200 6590
0:0:0:0:0:0:0:1 - - [25/Jul/2017:00:06:28 +1000] "GET /favicon-128.png HTTP/1.1" 200 8994
0:0:0:0:0:0:0:1 - - [25/Jul/2017:00:06:28 +1000] "GET /favicon-196x196.png HTTP/1.1" 200 36392
0:0:0:0:0:0:0:1 - - [25/Jul/2017:00:06:28 +1000] "GET /ryvrs/transactions?page=15 HTTP/1.1" 200 5868
0:0:0:0:0:0:0:1 - - [25/Jul/2017:00:06:29 +1000] "GET /favicon-32x32.png HTTP/1.1" 200 1029
0:0:0:0:0:0:0:1 - - [25/Jul/2017:00:06:29 +1000] "GET /favicon-16x16.png HTTP/1.1" 200 449
0:0:0:0:0:0:0:1 - - [25/Jul/2017:00:06:29 +1000] "GET /favicon-96x96.png HTTP/1.1" 200 6590
0:0:0:0:0:0:0:1 - - [25/Jul/2017:00:06:29 +1000] "GET /favicon-128.png HTTP/1.1" 200 8994
0:0:0:0:0:0:0:1 - - [25/Jul/2017:00:06:29 +1000] "GET /favicon-196x196.png HTTP/1.1" 200 36392
0:0:0:0:0:0:0:1 - - [25/Jul/2017:00:06:29 +1000] "GET /ryvrs/transactions?page=16 HTTP/1.1" 200 5868
0:0:0:0:0:0:0:1 - - [25/Jul/2017:00:06:29 +1000] "GET /favicon-32x32.png HTTP/1.1" 200 1029
0:0:0:0:0:0:0:1 - - [25/Jul/2017:00:06:29 +1000] "GET /favicon-16x16.png HTTP/1.1" 200 449
0:0:0:0:0:0:0:1 - - [25/Jul/2017:00:06:29 +1000] "GET /favicon-96x96.png HTTP/1.1" 200 6590
0:0:0:0:0:0:0:1 - - [25/Jul/2017:00:06:29 +1000] "GET /favicon-128.png HTTP/1.1" 200 8994
0:0:0:0:0:0:0:1 - - [25/Jul/2017:00:06:29 +1000] "GET /favicon-196x196.png HTTP/1.1" 200 36392
0:0:0:0:0:0:0:1 - - [25/Jul/2017:00:06:29 +1000] "GET /ryvrs/transactions?page=17 HTTP/1.1" 200 5868
0:0:0:0:0:0:0:1 - - [25/Jul/2017:00:06:29 +1000] "GET /favicon-32x32.png HTTP/1.1" 200 1029
0:0:0:0:0:0:0:1 - - [25/Jul/2017:00:06:29 +1000] "GET /favicon-16x16.png HTTP/1.1" 200 449
0:0:0:0:0:0:0:1 - - [25/Jul/2017:00:06:29 +1000] "GET /favicon-96x96.png HTTP/1.1" 200 6590
0:0:0:0:0:0:0:1 - - [25/Jul/2017:00:06:29 +1000] "GET /favicon-128.png HTTP/1.1" 200 8994
0:0:0:0:0:0:0:1 - - [25/Jul/2017:00:06:29 +1000] "GET /favicon-196x196.png HTTP/1.1" 200 36392
0:0:0:0:0:0:0:1 - - [25/Jul/2017:00:06:29 +1000] "GET /ryvrs/transactions?page=18 HTTP/1.1" 200 5868
0:0:0:0:0:0:0:1 - - [25/Jul/2017:00:06:29 +1000] "GET /favicon-32x32.png HTTP/1.1" 200 1029
0:0:0:0:0:0:0:1 - - [25/Jul/2017:00:06:29 +1000] "GET /favicon-16x16.png HTTP/1.1" 200 449
0:0:0:0:0:0:0:1 - - [25/Jul/2017:00:06:29 +1000] "GET /favicon-96x96.png HTTP/1.1" 200 6590
0:0:0:0:0:0:0:1 - - [25/Jul/2017:00:06:29 +1000] "GET /favicon-128.png HTTP/1.1" 200 8994
0:0:0:0:0:0:0:1 - - [25/Jul/2017:00:06:29 +1000] "GET /favicon-196x196.png HTTP/1.1" 200 36392
0:0:0:0:0:0:0:1 - - [25/Jul/2017:00:06:29 +1000] "GET /ryvrs/transactions?page=19 HTTP/1.1" 200 5868
0:0:0:0:0:0:0:1 - - [25/Jul/2017:00:06:29 +1000] "GET /favicon-32x32.png HTTP/1.1" 200 1029
0:0:0:0:0:0:0:1 - - [25/Jul/2017:00:06:29 +1000] "GET /favicon-16x16.png HTTP/1.1" 200 449
0:0:0:0:0:0:0:1 - - [25/Jul/2017:00:06:29 +1000] "GET /favicon-96x96.png HTTP/1.1" 200 6590
0:0:0:0:0:0:0:1 - - [25/Jul/2017:00:06:29 +1000] "GET /favicon-128.png HTTP/1.1" 200 8994
0:0:0:0:0:0:0:1 - - [25/Jul/2017:00:06:29 +1000] "GET /favicon-196x196.png HTTP/1.1" 200 36392
0:0:0:0:0:0:0:1 - - [25/Jul/2017:00:06:30 +1000] "GET /ryvrs/transactions?page=20 HTTP/1.1" 200 5868
0:0:0:0:0:0:0:1 - - [25/Jul/2017:00:06:30 +1000] "GET /favicon-32x32.png HTTP/1.1" 200 1029
0:0:0:0:0:0:0:1 - - [25/Jul/2017:00:06:30 +1000] "GET /favicon-16x16.png HTTP/1.1" 200 449
0:0:0:0:0:0:0:1 - - [25/Jul/2017:00:06:30 +1000] "GET /favicon-96x96.png HTTP/1.1" 200 6590
0:0:0:0:0:0:0:1 - - [25/Jul/2017:00:06:30 +1000] "GET /favicon-128.png HTTP/1.1" 200 8994
0:0:0:0:0:0:0:1 - - [25/Jul/2017:00:06:30 +1000] "GET /favicon-196x196.png HTTP/1.1" 200 36392
0:0:0:0:0:0:0:1 - - [25/Jul/2017:00:06:30 +1000] "GET /ryvrs/transactions?page=21 HTTP/1.1" 200 5868
0:0:0:0:0:0:0:1 - - [25/Jul/2017:00:06:30 +1000] "GET /favicon-32x32.png HTTP/1.1" 200 1029
0:0:0:0:0:0:0:1 - - [25/Jul/2017:00:06:30 +1000] "GET /favicon-16x16.png HTTP/1.1" 200 449
0:0:0:0:0:0:0:1 - - [25/Jul/2017:00:06:30 +1000] "GET /favicon-96x96.png HTTP/1.1" 200 6590
0:0:0:0:0:0:0:1 - - [25/Jul/2017:00:06:30 +1000] "GET /favicon-128.png HTTP/1.1" 200 8994
0:0:0:0:0:0:0:1 - - [25/Jul/2017:00:06:30 +1000] "GET /favicon-196x196.png HTTP/1.1" 200 36392
0:0:0:0:0:0:0:1 - - [25/Jul/2017:00:06:30 +1000] "GET /ryvrs/transactions?page=22 HTTP/1.1" 200 5868
0:0:0:0:0:0:0:1 - - [25/Jul/2017:00:06:30 +1000] "GET /favicon-32x32.png HTTP/1.1" 200 1029
0:0:0:0:0:0:0:1 - - [25/Jul/2017:00:06:30 +1000] "GET /favicon-16x16.png HTTP/1.1" 200 449
0:0:0:0:0:0:0:1 - - [25/Jul/2017:00:06:30 +1000] "GET /favicon-96x96.png HTTP/1.1" 200 6590
0:0:0:0:0:0:0:1 - - [25/Jul/2017:00:06:30 +1000] "GET /favicon-128.png HTTP/1.1" 200 8994
0:0:0:0:0:0:0:1 - - [25/Jul/2017:00:06:30 +1000] "GET /favicon-196x196.png HTTP/1.1" 200 36392
0:0:0:0:0:0:0:1 - - [25/Jul/2017:00:06:30 +1000] "GET /ryvrs/transactions?page=23 HTTP/1.1" 200 5868
0:0:0:0:0:0:0:1 - - [25/Jul/2017:00:06:30 +1000] "GET /favicon-32x32.png HTTP/1.1" 200 1029
0:0:0:0:0:0:0:1 - - [25/Jul/2017:00:06:30 +1000] "GET /favicon-16x16.png HTTP/1.1" 200 449
0:0:0:0:0:0:0:1 - - [25/Jul/2017:00:06:30 +1000] "GET /favicon-96x96.png HTTP/1.1" 200 6590
0:0:0:0:0:0:0:1 - - [25/Jul/2017:00:06:30 +1000] "GET /favicon-128.png HTTP/1.1" 200 8994
0:0:0:0:0:0:0:1 - - [25/Jul/2017:00:06:30 +1000] "GET /favicon-196x196.png HTTP/1.1" 200 36392
0:0:0:0:0:0:0:1 - - [25/Jul/2017:00:06:30 +1000] "GET /ryvrs/transactions?page=24 HTTP/1.1" 200 5868
0:0:0:0:0:0:0:1 - - [25/Jul/2017:00:06:30 +1000] "GET /favicon-32x32.png HTTP/1.1" 200 1029
0:0:0:0:0:0:0:1 - - [25/Jul/2017:00:06:31 +1000] "GET /favicon-16x16.png HTTP/1.1" 200 449
0:0:0:0:0:0:0:1 - - [25/Jul/2017:00:06:31 +1000] "GET /favicon-96x96.png HTTP/1.1" 200 6590
0:0:0:0:0:0:0:1 - - [25/Jul/2017:00:06:31 +1000] "GET /favicon-128.png HTTP/1.1" 200 8994
0:0:0:0:0:0:0:1 - - [25/Jul/2017:00:06:31 +1000] "GET /favicon-196x196.png HTTP/1.1" 200 36392
0:0:0:0:0:0:0:1 - - [25/Jul/2017:00:06:31 +1000] "GET /ryvrs/transactions?page=25 HTTP/1.1" 200 5868
0:0:0:0:0:0:0:1 - - [25/Jul/2017:00:06:31 +1000] "GET /favicon-32x32.png HTTP/1.1" 200 1029
0:0:0:0:0:0:0:1 - - [25/Jul/2017:00:06:31 +1000] "GET /favicon-16x16.png HTTP/1.1" 200 449
0:0:0:0:0:0:0:1 - - [25/Jul/2017:00:06:31 +1000] "GET /favicon-96x96.png HTTP/1.1" 200 6590
0:0:0:0:0:0:0:1 - - [25/Jul/2017:00:06:31 +1000] "GET /favicon-128.png HTTP/1.1" 200 8994
0:0:0:0:0:0:0:1 - - [25/Jul/2017:00:06:31 +1000] "GET /favicon-196x196.png HTTP/1.1" 200 36392
0:0:0:0:0:0:0:1 - - [25/Jul/2017:00:06:31 +1000] "GET /ryvrs/transactions?page=26 HTTP/1.1" 200 5868
0:0:0:0:0:0:0:1 - - [25/Jul/2017:00:06:31 +1000] "GET /favicon-32x32.png HTTP/1.1" 200 1029
0:0:0:0:0:0:0:1 - - [25/Jul/2017:00:06:31 +1000] "GET /favicon-16x16.png HTTP/1.1" 200 449
0:0:0:0:0:0:0:1 - - [25/Jul/2017:00:06:31 +1000] "GET /favicon-96x96.png HTTP/1.1" 200 6590
0:0:0:0:0:0:0:1 - - [25/Jul/2017:00:06:31 +1000] "GET /favicon-128.png HTTP/1.1" 200 8994
0:0:0:0:0:0:0:1 - - [25/Jul/2017:00:06:31 +1000] "GET /favicon-196x196.png HTTP/1.1" 200 36392
0:0:0:0:0:0:0:1 - - [25/Jul/2017:00:07:44 +1000] "GET /ryvrs/transactions?page=26 HTTP/1.1" 200 19095
0:0:0:0:0:0:0:1 - - [25/Jul/2017:00:07:44 +1000] "GET /webjars/bootstrap/css/bootstrap.min.css HTTP/1.1" 200 121200
0:0:0:0:0:0:0:1 - - [25/Jul/2017:00:07:44 +1000] "GET /webjars/angularjs/angular-csp.css HTTP/1.1" 200 343
0:0:0:0:0:0:0:1 - - [25/Jul/2017:00:07:44 +1000] "GET /css/style.css HTTP/1.1" 200 2408
0:0:0:0:0:0:0:1 - - [25/Jul/2017:00:07:44 +1000] "GET /webjars.js HTTP/1.1" 200 108702
0:0:0:0:0:0:0:1 - - [25/Jul/2017:00:07:44 +1000] "GET /webjars/requirejs/require.min.js HTTP/1.1" 200 17831
0:0:0:0:0:0:0:1 - - [25/Jul/2017:00:07:44 +1000] "GET /wide_color_logo_transparent_background_164_x_25.png HTTP/1.1" 200 5249
0:0:0:0:0:0:0:1 - - [25/Jul/2017:00:07:44 +1000] "GET /webjars/bootstrap/css/bootstrap.min.css.map HTTP/1.1" 200 542194
0:0:0:0:0:0:0:1 - - [25/Jul/2017:00:07:44 +1000] "GET /js/main.js HTTP/1.1" 200 253
0:0:0:0:0:0:0:1 - - [25/Jul/2017:00:07:44 +1000] "GET /favicon-32x32.png HTTP/1.1" 200 1029
0:0:0:0:0:0:0:1 - - [25/Jul/2017:00:07:44 +1000] "GET /js/ryvr.js HTTP/1.1" 200 10231
0:0:0:0:0:0:0:1 - - [25/Jul/2017:00:07:44 +1000] "GET /favicon-16x16.png HTTP/1.1" 200 449
0:0:0:0:0:0:0:1 - - [25/Jul/2017:00:07:44 +1000] "GET /webjars/angularjs/1.6.4/angular.js HTTP/1.1" 200 1249863
0:0:0:0:0:0:0:1 - - [25/Jul/2017:00:07:44 +1000] "GET /webjars/jquery/3.1.1-1/jquery.js HTTP/1.1" 200 267194
0:0:0:0:0:0:0:1 - - [25/Jul/2017:00:07:44 +1000] "GET /favicon-96x96.png HTTP/1.1" 200 6590
0:0:0:0:0:0:0:1 - - [25/Jul/2017:00:07:44 +1000] "GET /favicon-128.png HTTP/1.1" 200 8994
0:0:0:0:0:0:0:1 - - [25/Jul/2017:00:07:44 +1000] "GET /webjars/bootstrap/3.3.7-1/js/bootstrap.js HTTP/1.1" 200 69707
0:0:0:0:0:0:0:1 - - [25/Jul/2017:00:07:44 +1000] "GET /favicon-196x196.png HTTP/1.1" 200 36392
0:0:0:0:0:0:0:1 - - [25/Jul/2017:00:07:58 +1000] "GET /ryvrs/transactions?page=27 HTTP/1.1" 200 5868
0:0:0:0:0:0:0:1 - - [25/Jul/2017:00:07:58 +1000] "GET /favicon-32x32.png HTTP/1.1" 200 1029
0:0:0:0:0:0:0:1 - - [25/Jul/2017:00:07:58 +1000] "GET /favicon-16x16.png HTTP/1.1" 200 449
0:0:0:0:0:0:0:1 - - [25/Jul/2017:00:07:58 +1000] "GET /favicon-96x96.png HTTP/1.1" 200 6590
0:0:0:0:0:0:0:1 - - [25/Jul/2017:00:07:58 +1000] "GET /favicon-128.png HTTP/1.1" 200 8994
0:0:0:0:0:0:0:1 - - [25/Jul/2017:00:07:58 +1000] "GET /favicon-196x196.png HTTP/1.1" 200 36392
0:0:0:0:0:0:0:1 - - [25/Jul/2017:00:07:58 +1000] "GET /ryvrs/transactions?page=28 HTTP/1.1" 200 5868
0:0:0:0:0:0:0:1 - - [25/Jul/2017:00:07:58 +1000] "GET /favicon-32x32.png HTTP/1.1" 200 1029
0:0:0:0:0:0:0:1 - - [25/Jul/2017:00:07:58 +1000] "GET /favicon-16x16.png HTTP/1.1" 200 449
0:0:0:0:0:0:0:1 - - [25/Jul/2017:00:07:58 +1000] "GET /favicon-96x96.png HTTP/1.1" 200 6590
0:0:0:0:0:0:0:1 - - [25/Jul/2017:00:07:58 +1000] "GET /favicon-128.png HTTP/1.1" 200 8994
0:0:0:0:0:0:0:1 - - [25/Jul/2017:00:07:58 +1000] "GET /favicon-196x196.png HTTP/1.1" 200 36392
0:0:0:0:0:0:0:1 - - [25/Jul/2017:00:07:59 +1000] "GET /ryvrs/transactions?page=29 HTTP/1.1" 200 5868
0:0:0:0:0:0:0:1 - - [25/Jul/2017:00:07:59 +1000] "GET /favicon-32x32.png HTTP/1.1" 200 1029
0:0:0:0:0:0:0:1 - - [25/Jul/2017:00:07:59 +1000] "GET /favicon-16x16.png HTTP/1.1" 200 449
0:0:0:0:0:0:0:1 - - [25/Jul/2017:00:07:59 +1000] "GET /favicon-96x96.png HTTP/1.1" 200 6590
0:0:0:0:0:0:0:1 - - [25/Jul/2017:00:07:59 +1000] "GET /favicon-128.png HTTP/1.1" 200 8994
0:0:0:0:0:0:0:1 - - [25/Jul/2017:00:07:59 +1000] "GET /favicon-196x196.png HTTP/1.1" 200 36392
0:0:0:0:0:0:0:1 - - [25/Jul/2017:00:09:52 +1000] "GET /ryvrs/transactions?page=29 HTTP/1.1" 200 19095
0:0:0:0:0:0:0:1 - - [25/Jul/2017:00:09:53 +1000] "GET /webjars/bootstrap/css/bootstrap.min.css HTTP/1.1" 200 121200
0:0:0:0:0:0:0:1 - - [25/Jul/2017:00:09:53 +1000] "GET /webjars/angularjs/angular-csp.css HTTP/1.1" 200 343
0:0:0:0:0:0:0:1 - - [25/Jul/2017:00:09:53 +1000] "GET /css/style.css HTTP/1.1" 200 2408
0:0:0:0:0:0:0:1 - - [25/Jul/2017:00:09:53 +1000] "GET /webjars.js HTTP/1.1" 200 108702
0:0:0:0:0:0:0:1 - - [25/Jul/2017:00:09:53 +1000] "GET /webjars/requirejs/require.min.js HTTP/1.1" 200 17831
0:0:0:0:0:0:0:1 - - [25/Jul/2017:00:09:53 +1000] "GET /wide_color_logo_transparent_background_164_x_25.png HTTP/1.1" 200 5249
0:0:0:0:0:0:0:1 - - [25/Jul/2017:00:09:53 +1000] "GET /webjars/bootstrap/css/bootstrap.min.css.map HTTP/1.1" 200 542194
0:0:0:0:0:0:0:1 - - [25/Jul/2017:00:09:53 +1000] "GET /js/main.js HTTP/1.1" 200 253
0:0:0:0:0:0:0:1 - - [25/Jul/2017:00:09:53 +1000] "GET /favicon-32x32.png HTTP/1.1" 200 1029
0:0:0:0:0:0:0:1 - - [25/Jul/2017:00:09:53 +1000] "GET /js/ryvr.js HTTP/1.1" 200 10239
0:0:0:0:0:0:0:1 - - [25/Jul/2017:00:09:53 +1000] "GET /favicon-16x16.png HTTP/1.1" 200 449
0:0:0:0:0:0:0:1 - - [25/Jul/2017:00:09:53 +1000] "GET /webjars/angularjs/1.6.4/angular.js HTTP/1.1" 200 1249863
0:0:0:0:0:0:0:1 - - [25/Jul/2017:00:09:53 +1000] "GET /webjars/jquery/3.1.1-1/jquery.js HTTP/1.1" 200 267194
0:0:0:0:0:0:0:1 - - [25/Jul/2017:00:09:53 +1000] "GET /favicon-96x96.png HTTP/1.1" 200 6590
0:0:0:0:0:0:0:1 - - [25/Jul/2017:00:09:53 +1000] "GET /favicon-128.png HTTP/1.1" 200 8994
0:0:0:0:0:0:0:1 - - [25/Jul/2017:00:09:53 +1000] "GET /webjars/bootstrap/3.3.7-1/js/bootstrap.js HTTP/1.1" 200 69707
0:0:0:0:0:0:0:1 - - [25/Jul/2017:00:09:53 +1000] "GET /favicon-196x196.png HTTP/1.1" 200 36392
0:0:0:0:0:0:0:1 - - [25/Jul/2017:00:09:57 +1000] "GET /ryvrs/transactions?page=1 HTTP/1.1" 200 5446
0:0:0:0:0:0:0:1 - - [25/Jul/2017:00:09:57 +1000] "GET /favicon-32x32.png HTTP/1.1" 200 1029
0:0:0:0:0:0:0:1 - - [25/Jul/2017:00:09:57 +1000] "GET /favicon-16x16.png HTTP/1.1" 200 449
0:0:0:0:0:0:0:1 - - [25/Jul/2017:00:09:57 +1000] "GET /favicon-96x96.png HTTP/1.1" 200 6590
0:0:0:0:0:0:0:1 - - [25/Jul/2017:00:09:57 +1000] "GET /favicon-128.png HTTP/1.1" 200 8994
0:0:0:0:0:0:0:1 - - [25/Jul/2017:00:09:57 +1000] "GET /favicon-196x196.png HTTP/1.1" 200 36392
0:0:0:0:0:0:0:1 - - [25/Jul/2017:00:10:02 +1000] "GET /ryvrs/transactions?page=2 HTTP/1.1" 200 5611
0:0:0:0:0:0:0:1 - - [25/Jul/2017:00:10:02 +1000] "GET /favicon-32x32.png HTTP/1.1" 200 1029
0:0:0:0:0:0:0:1 - - [25/Jul/2017:00:10:02 +1000] "GET /favicon-16x16.png HTTP/1.1" 200 449
0:0:0:0:0:0:0:1 - - [25/Jul/2017:00:10:02 +1000] "GET /favicon-96x96.png HTTP/1.1" 200 6590
0:0:0:0:0:0:0:1 - - [25/Jul/2017:00:10:02 +1000] "GET /favicon-128.png HTTP/1.1" 200 8994
0:0:0:0:0:0:0:1 - - [25/Jul/2017:00:10:02 +1000] "GET /favicon-196x196.png HTTP/1.1" 200 36392
0:0:0:0:0:0:0:1 - - [25/Jul/2017:00:10:03 +1000] "GET /ryvrs/transactions?page=3 HTTP/1.1" 200 5611
0:0:0:0:0:0:0:1 - - [25/Jul/2017:00:10:03 +1000] "GET /favicon-32x32.png HTTP/1.1" 200 1029
0:0:0:0:0:0:0:1 - - [25/Jul/2017:00:10:03 +1000] "GET /favicon-16x16.png HTTP/1.1" 200 449
0:0:0:0:0:0:0:1 - - [25/Jul/2017:00:10:03 +1000] "GET /favicon-96x96.png HTTP/1.1" 200 6590
0:0:0:0:0:0:0:1 - - [25/Jul/2017:00:10:03 +1000] "GET /favicon-128.png HTTP/1.1" 200 8994
0:0:0:0:0:0:0:1 - - [25/Jul/2017:00:10:03 +1000] "GET /favicon-196x196.png HTTP/1.1" 200 36392
0:0:0:0:0:0:0:1 - - [25/Jul/2017:00:10:04 +1000] "GET /ryvrs/transactions?page=4 HTTP/1.1" 200 5646
0:0:0:0:0:0:0:1 - - [25/Jul/2017:00:10:04 +1000] "GET /favicon-32x32.png HTTP/1.1" 200 1029
0:0:0:0:0:0:0:1 - - [25/Jul/2017:00:10:04 +1000] "GET /favicon-16x16.png HTTP/1.1" 200 449
0:0:0:0:0:0:0:1 - - [25/Jul/2017:00:10:04 +1000] "GET /favicon-96x96.png HTTP/1.1" 200 6590
0:0:0:0:0:0:0:1 - - [25/Jul/2017:00:10:04 +1000] "GET /favicon-128.png HTTP/1.1" 200 8994
0:0:0:0:0:0:0:1 - - [25/Jul/2017:00:10:04 +1000] "GET /favicon-196x196.png HTTP/1.1" 200 36392
0:0:0:0:0:0:0:1 - - [25/Jul/2017:00:10:04 +1000] "GET /ryvrs/transactions?page=5 HTTP/1.1" 200 5739
0:0:0:0:0:0:0:1 - - [25/Jul/2017:00:10:04 +1000] "GET /favicon-32x32.png HTTP/1.1" 200 1029
0:0:0:0:0:0:0:1 - - [25/Jul/2017:00:10:04 +1000] "GET /favicon-16x16.png HTTP/1.1" 200 449
0:0:0:0:0:0:0:1 - - [25/Jul/2017:00:10:04 +1000] "GET /favicon-96x96.png HTTP/1.1" 200 6590
0:0:0:0:0:0:0:1 - - [25/Jul/2017:00:10:04 +1000] "GET /favicon-128.png HTTP/1.1" 200 8994
0:0:0:0:0:0:0:1 - - [25/Jul/2017:00:10:04 +1000] "GET /favicon-196x196.png HTTP/1.1" 200 36392
0:0:0:0:0:0:0:1 - - [25/Jul/2017:00:10:05 +1000] "GET /ryvrs/transactions?page=6 HTTP/1.1" 200 5739
0:0:0:0:0:0:0:1 - - [25/Jul/2017:00:10:05 +1000] "GET /favicon-32x32.png HTTP/1.1" 200 1029
0:0:0:0:0:0:0:1 - - [25/Jul/2017:00:10:05 +1000] "GET /favicon-16x16.png HTTP/1.1" 200 449
0:0:0:0:0:0:0:1 - - [25/Jul/2017:00:10:05 +1000] "GET /favicon-96x96.png HTTP/1.1" 200 6590
0:0:0:0:0:0:0:1 - - [25/Jul/2017:00:10:05 +1000] "GET /favicon-128.png HTTP/1.1" 200 8994
0:0:0:0:0:0:0:1 - - [25/Jul/2017:00:10:05 +1000] "GET /favicon-196x196.png HTTP/1.1" 200 36392
0:0:0:0:0:0:0:1 - - [25/Jul/2017:00:10:06 +1000] "GET /ryvrs/transactions?page=7 HTTP/1.1" 200 5739
0:0:0:0:0:0:0:1 - - [25/Jul/2017:00:10:06 +1000] "GET /favicon-32x32.png HTTP/1.1" 200 1029
0:0:0:0:0:0:0:1 - - [25/Jul/2017:00:10:06 +1000] "GET /favicon-16x16.png HTTP/1.1" 200 449
0:0:0:0:0:0:0:1 - - [25/Jul/2017:00:10:06 +1000] "GET /favicon-96x96.png HTTP/1.1" 200 6590
0:0:0:0:0:0:0:1 - - [25/Jul/2017:00:10:06 +1000] "GET /favicon-128.png HTTP/1.1" 200 8994
0:0:0:0:0:0:0:1 - - [25/Jul/2017:00:10:06 +1000] "GET /favicon-196x196.png HTTP/1.1" 200 36392
0:0:0:0:0:0:0:1 - - [25/Jul/2017:00:10:06 +1000] "GET /ryvrs/transactions?page=8 HTTP/1.1" 200 5763
0:0:0:0:0:0:0:1 - - [25/Jul/2017:00:10:06 +1000] "GET /favicon-32x32.png HTTP/1.1" 200 1029
0:0:0:0:0:0:0:1 - - [25/Jul/2017:00:10:06 +1000] "GET /favicon-16x16.png HTTP/1.1" 200 449
0:0:0:0:0:0:0:1 - - [25/Jul/2017:00:10:06 +1000] "GET /favicon-96x96.png HTTP/1.1" 200 6590
0:0:0:0:0:0:0:1 - - [25/Jul/2017:00:10:06 +1000] "GET /favicon-128.png HTTP/1.1" 200 8994
0:0:0:0:0:0:0:1 - - [25/Jul/2017:00:10:06 +1000] "GET /favicon-196x196.png HTTP/1.1" 200 36392
0:0:0:0:0:0:0:1 - - [25/Jul/2017:00:10:06 +1000] "GET /ryvrs/transactions?page=9 HTTP/1.1" 200 5867
0:0:0:0:0:0:0:1 - - [25/Jul/2017:00:10:06 +1000] "GET /favicon-32x32.png HTTP/1.1" 200 1029
0:0:0:0:0:0:0:1 - - [25/Jul/2017:00:10:06 +1000] "GET /favicon-16x16.png HTTP/1.1" 200 449
0:0:0:0:0:0:0:1 - - [25/Jul/2017:00:10:06 +1000] "GET /favicon-96x96.png HTTP/1.1" 200 6590
0:0:0:0:0:0:0:1 - - [25/Jul/2017:00:10:06 +1000] "GET /favicon-128.png HTTP/1.1" 200 8994
0:0:0:0:0:0:0:1 - - [25/Jul/2017:00:10:06 +1000] "GET /favicon-196x196.png HTTP/1.1" 200 36392
0:0:0:0:0:0:0:1 - - [25/Jul/2017:00:10:06 +1000] "GET /ryvrs/transactions?page=10 HTTP/1.1" 200 5868
0:0:0:0:0:0:0:1 - - [25/Jul/2017:00:10:07 +1000] "GET /favicon-32x32.png HTTP/1.1" 200 1029
0:0:0:0:0:0:0:1 - - [25/Jul/2017:00:10:07 +1000] "GET /favicon-16x16.png HTTP/1.1" 200 449
0:0:0:0:0:0:0:1 - - [25/Jul/2017:00:10:07 +1000] "GET /favicon-96x96.png HTTP/1.1" 200 6590
0:0:0:0:0:0:0:1 - - [25/Jul/2017:00:10:07 +1000] "GET /favicon-128.png HTTP/1.1" 200 8994
0:0:0:0:0:0:0:1 - - [25/Jul/2017:00:10:07 +1000] "GET /favicon-196x196.png HTTP/1.1" 200 36392
0:0:0:0:0:0:0:1 - - [25/Jul/2017:00:10:07 +1000] "GET /ryvrs/transactions?page=11 HTTP/1.1" 200 5868
0:0:0:0:0:0:0:1 - - [25/Jul/2017:00:10:07 +1000] "GET /favicon-32x32.png HTTP/1.1" 200 1029
0:0:0:0:0:0:0:1 - - [25/Jul/2017:00:10:07 +1000] "GET /favicon-16x16.png HTTP/1.1" 200 449
0:0:0:0:0:0:0:1 - - [25/Jul/2017:00:10:07 +1000] "GET /favicon-96x96.png HTTP/1.1" 200 6590
0:0:0:0:0:0:0:1 - - [25/Jul/2017:00:10:07 +1000] "GET /favicon-128.png HTTP/1.1" 200 8994
0:0:0:0:0:0:0:1 - - [25/Jul/2017:00:10:07 +1000] "GET /favicon-196x196.png HTTP/1.1" 200 36392
0:0:0:0:0:0:0:1 - - [25/Jul/2017:00:10:07 +1000] "GET /ryvrs/transactions?page=12 HTTP/1.1" 200 5868
0:0:0:0:0:0:0:1 - - [25/Jul/2017:00:10:07 +1000] "GET /favicon-32x32.png HTTP/1.1" 200 1029
0:0:0:0:0:0:0:1 - - [25/Jul/2017:00:10:07 +1000] "GET /favicon-16x16.png HTTP/1.1" 200 449
0:0:0:0:0:0:0:1 - - [25/Jul/2017:00:10:07 +1000] "GET /favicon-96x96.png HTTP/1.1" 200 6590
0:0:0:0:0:0:0:1 - - [25/Jul/2017:00:10:07 +1000] "GET /favicon-128.png HTTP/1.1" 200 8994
0:0:0:0:0:0:0:1 - - [25/Jul/2017:00:10:07 +1000] "GET /favicon-196x196.png HTTP/1.1" 200 36392
0:0:0:0:0:0:0:1 - - [25/Jul/2017:00:10:07 +1000] "GET /ryvrs/transactions?page=13 HTTP/1.1" 200 5868
0:0:0:0:0:0:0:1 - - [25/Jul/2017:00:10:07 +1000] "GET /favicon-32x32.png HTTP/1.1" 200 1029
0:0:0:0:0:0:0:1 - - [25/Jul/2017:00:10:07 +1000] "GET /favicon-16x16.png HTTP/1.1" 200 449
0:0:0:0:0:0:0:1 - - [25/Jul/2017:00:10:07 +1000] "GET /favicon-96x96.png HTTP/1.1" 200 6590
0:0:0:0:0:0:0:1 - - [25/Jul/2017:00:10:07 +1000] "GET /favicon-128.png HTTP/1.1" 200 8994
0:0:0:0:0:0:0:1 - - [25/Jul/2017:00:10:07 +1000] "GET /favicon-196x196.png HTTP/1.1" 200 36392
0:0:0:0:0:0:0:1 - - [25/Jul/2017:00:11:17 +1000] "GET /ryvrs/transactions HTTP/1.1" 200 3246
0:0:0:0:0:0:0:1 - - [25/Jul/2017:00:11:17 +1000] "GET /favicon-32x32.png HTTP/1.1" 200 1029
0:0:0:0:0:0:0:1 - - [25/Jul/2017:00:11:17 +1000] "GET /favicon-16x16.png HTTP/1.1" 200 449
0:0:0:0:0:0:0:1 - - [25/Jul/2017:00:11:17 +1000] "GET /favicon-96x96.png HTTP/1.1" 200 6590
0:0:0:0:0:0:0:1 - - [25/Jul/2017:00:11:17 +1000] "GET /favicon-128.png HTTP/1.1" 200 8994
0:0:0:0:0:0:0:1 - - [25/Jul/2017:00:11:17 +1000] "GET /favicon-196x196.png HTTP/1.1" 200 36392
0:0:0:0:0:0:0:1 - - [25/Jul/2017:00:11:22 +1000] "GET /ryvrs/transactions?page=1 HTTP/1.1" 200 5446
0:0:0:0:0:0:0:1 - - [25/Jul/2017:00:11:22 +1000] "GET /favicon-32x32.png HTTP/1.1" 200 1029
0:0:0:0:0:0:0:1 - - [25/Jul/2017:00:11:22 +1000] "GET /favicon-16x16.png HTTP/1.1" 200 449
0:0:0:0:0:0:0:1 - - [25/Jul/2017:00:11:22 +1000] "GET /favicon-96x96.png HTTP/1.1" 200 6590
0:0:0:0:0:0:0:1 - - [25/Jul/2017:00:11:22 +1000] "GET /favicon-128.png HTTP/1.1" 200 8994
0:0:0:0:0:0:0:1 - - [25/Jul/2017:00:11:22 +1000] "GET /favicon-196x196.png HTTP/1.1" 200 36392
0:0:0:0:0:0:0:1 - - [25/Jul/2017:00:11:42 +1000] "GET /ryvrs/transactions?page=2 HTTP/1.1" 200 5611
0:0:0:0:0:0:0:1 - - [25/Jul/2017:00:11:42 +1000] "GET /favicon-32x32.png HTTP/1.1" 200 1029
0:0:0:0:0:0:0:1 - - [25/Jul/2017:00:11:42 +1000] "GET /favicon-16x16.png HTTP/1.1" 200 449
0:0:0:0:0:0:0:1 - - [25/Jul/2017:00:11:42 +1000] "GET /favicon-96x96.png HTTP/1.1" 200 6590
0:0:0:0:0:0:0:1 - - [25/Jul/2017:00:11:42 +1000] "GET /favicon-128.png HTTP/1.1" 200 8994
0:0:0:0:0:0:0:1 - - [25/Jul/2017:00:11:42 +1000] "GET /favicon-196x196.png HTTP/1.1" 200 36392
0:0:0:0:0:0:0:1 - - [25/Jul/2017:00:11:44 +1000] "GET /ryvrs/transactions HTTP/1.1" 200 3246
0:0:0:0:0:0:0:1 - - [25/Jul/2017:00:11:44 +1000] "GET /favicon-32x32.png HTTP/1.1" 200 1029
0:0:0:0:0:0:0:1 - - [25/Jul/2017:00:11:44 +1000] "GET /favicon-16x16.png HTTP/1.1" 200 449
0:0:0:0:0:0:0:1 - - [25/Jul/2017:00:11:44 +1000] "GET /favicon-96x96.png HTTP/1.1" 200 6590
0:0:0:0:0:0:0:1 - - [25/Jul/2017:00:11:44 +1000] "GET /favicon-128.png HTTP/1.1" 200 8994
0:0:0:0:0:0:0:1 - - [25/Jul/2017:00:11:44 +1000] "GET /favicon-196x196.png HTTP/1.1" 200 36392
0:0:0:0:0:0:0:1 - - [25/Jul/2017:00:11:47 +1000] "GET /ryvrs/transactions?page=1562 HTTP/1.1" 200 6382
0:0:0:0:0:0:0:1 - - [25/Jul/2017:00:11:47 +1000] "GET /favicon-32x32.png HTTP/1.1" 200 1029
0:0:0:0:0:0:0:1 - - [25/Jul/2017:00:11:47 +1000] "GET /favicon-16x16.png HTTP/1.1" 200 449
0:0:0:0:0:0:0:1 - - [25/Jul/2017:00:11:47 +1000] "GET /favicon-96x96.png HTTP/1.1" 200 6590
0:0:0:0:0:0:0:1 - - [25/Jul/2017:00:11:47 +1000] "GET /favicon-128.png HTTP/1.1" 200 8994
0:0:0:0:0:0:0:1 - - [25/Jul/2017:00:11:47 +1000] "GET /favicon-196x196.png HTTP/1.1" 200 36392
0:0:0:0:0:0:0:1 - - [25/Jul/2017:00:11:50 +1000] "GET /ryvrs/transactions?page=1561 HTTP/1.1" 200 6382
0:0:0:0:0:0:0:1 - - [25/Jul/2017:00:11:51 +1000] "GET /favicon-32x32.png HTTP/1.1" 200 1029
0:0:0:0:0:0:0:1 - - [25/Jul/2017:00:11:51 +1000] "GET /favicon-16x16.png HTTP/1.1" 200 449
0:0:0:0:0:0:0:1 - - [25/Jul/2017:00:11:51 +1000] "GET /favicon-96x96.png HTTP/1.1" 200 6590
0:0:0:0:0:0:0:1 - - [25/Jul/2017:00:11:51 +1000] "GET /favicon-128.png HTTP/1.1" 200 8994
0:0:0:0:0:0:0:1 - - [25/Jul/2017:00:11:51 +1000] "GET /favicon-196x196.png HTTP/1.1" 200 36392
0:0:0:0:0:0:0:1 - - [25/Jul/2017:00:11:51 +1000] "GET /ryvrs/transactions?page=1560 HTTP/1.1" 200 6382
0:0:0:0:0:0:0:1 - - [25/Jul/2017:00:11:51 +1000] "GET /favicon-32x32.png HTTP/1.1" 200 1029
0:0:0:0:0:0:0:1 - - [25/Jul/2017:00:11:51 +1000] "GET /favicon-16x16.png HTTP/1.1" 200 449
0:0:0:0:0:0:0:1 - - [25/Jul/2017:00:11:51 +1000] "GET /favicon-96x96.png HTTP/1.1" 200 6590
0:0:0:0:0:0:0:1 - - [25/Jul/2017:00:11:51 +1000] "GET /favicon-128.png HTTP/1.1" 200 8994
0:0:0:0:0:0:0:1 - - [25/Jul/2017:00:11:51 +1000] "GET /favicon-196x196.png HTTP/1.1" 200 36392
0:0:0:0:0:0:0:1 - - [25/Jul/2017:00:11:51 +1000] "GET /ryvrs/transactions?page=1559 HTTP/1.1" 200 6382
0:0:0:0:0:0:0:1 - - [25/Jul/2017:00:11:51 +1000] "GET /favicon-32x32.png HTTP/1.1" 200 1029
0:0:0:0:0:0:0:1 - - [25/Jul/2017:00:11:51 +1000] "GET /favicon-16x16.png HTTP/1.1" 200 449
0:0:0:0:0:0:0:1 - - [25/Jul/2017:00:11:51 +1000] "GET /favicon-96x96.png HTTP/1.1" 200 6590
0:0:0:0:0:0:0:1 - - [25/Jul/2017:00:11:51 +1000] "GET /favicon-128.png HTTP/1.1" 200 8994
0:0:0:0:0:0:0:1 - - [25/Jul/2017:00:11:51 +1000] "GET /favicon-196x196.png HTTP/1.1" 200 36392
0:0:0:0:0:0:0:1 - - [25/Jul/2017:00:11:52 +1000] "GET /ryvrs/transactions?page=1558 HTTP/1.1" 200 6382
0:0:0:0:0:0:0:1 - - [25/Jul/2017:00:11:52 +1000] "GET /favicon-32x32.png HTTP/1.1" 200 1029
0:0:0:0:0:0:0:1 - - [25/Jul/2017:00:11:52 +1000] "GET /favicon-16x16.png HTTP/1.1" 200 449
0:0:0:0:0:0:0:1 - - [25/Jul/2017:00:11:52 +1000] "GET /favicon-96x96.png HTTP/1.1" 200 6590
0:0:0:0:0:0:0:1 - - [25/Jul/2017:00:11:52 +1000] "GET /favicon-128.png HTTP/1.1" 200 8994
0:0:0:0:0:0:0:1 - - [25/Jul/2017:00:11:52 +1000] "GET /favicon-196x196.png HTTP/1.1" 200 36392
0:0:0:0:0:0:0:1 - - [25/Jul/2017:00:11:52 +1000] "GET /ryvrs/transactions?page=1557 HTTP/1.1" 200 6382
0:0:0:0:0:0:0:1 - - [25/Jul/2017:00:11:52 +1000] "GET /favicon-32x32.png HTTP/1.1" 200 1029
0:0:0:0:0:0:0:1 - - [25/Jul/2017:00:11:52 +1000] "GET /favicon-16x16.png HTTP/1.1" 200 449
0:0:0:0:0:0:0:1 - - [25/Jul/2017:00:11:52 +1000] "GET /favicon-96x96.png HTTP/1.1" 200 6590
0:0:0:0:0:0:0:1 - - [25/Jul/2017:00:11:52 +1000] "GET /favicon-128.png HTTP/1.1" 200 8994
0:0:0:0:0:0:0:1 - - [25/Jul/2017:00:11:52 +1000] "GET /favicon-196x196.png HTTP/1.1" 200 36392
0:0:0:0:0:0:0:1 - - [25/Jul/2017:00:11:52 +1000] "GET /ryvrs/transactions?page=1556 HTTP/1.1" 200 6382
0:0:0:0:0:0:0:1 - - [25/Jul/2017:00:11:52 +1000] "GET /favicon-32x32.png HTTP/1.1" 200 1029
0:0:0:0:0:0:0:1 - - [25/Jul/2017:00:11:52 +1000] "GET /favicon-16x16.png HTTP/1.1" 200 449
0:0:0:0:0:0:0:1 - - [25/Jul/2017:00:11:52 +1000] "GET /favicon-96x96.png HTTP/1.1" 200 6590
0:0:0:0:0:0:0:1 - - [25/Jul/2017:00:11:52 +1000] "GET /favicon-128.png HTTP/1.1" 200 8994
0:0:0:0:0:0:0:1 - - [25/Jul/2017:00:11:52 +1000] "GET /favicon-196x196.png HTTP/1.1" 200 36392
0:0:0:0:0:0:0:1 - - [25/Jul/2017:00:11:52 +1000] "GET /ryvrs/transactions?page=1555 HTTP/1.1" 200 6382
0:0:0:0:0:0:0:1 - - [25/Jul/2017:00:11:52 +1000] "GET /favicon-32x32.png HTTP/1.1" 200 1029
0:0:0:0:0:0:0:1 - - [25/Jul/2017:00:11:52 +1000] "GET /favicon-16x16.png HTTP/1.1" 200 449
0:0:0:0:0:0:0:1 - - [25/Jul/2017:00:11:52 +1000] "GET /favicon-96x96.png HTTP/1.1" 200 6590
0:0:0:0:0:0:0:1 - - [25/Jul/2017:00:11:52 +1000] "GET /favicon-128.png HTTP/1.1" 200 8994
0:0:0:0:0:0:0:1 - - [25/Jul/2017:00:11:52 +1000] "GET /favicon-196x196.png HTTP/1.1" 200 36392
0:0:0:0:0:0:0:1 - - [25/Jul/2017:00:11:54 +1000] "GET /ryvrs/transactions?page=1554 HTTP/1.1" 200 6382
0:0:0:0:0:0:0:1 - - [25/Jul/2017:00:11:54 +1000] "GET /favicon-32x32.png HTTP/1.1" 200 1029
0:0:0:0:0:0:0:1 - - [25/Jul/2017:00:11:54 +1000] "GET /favicon-16x16.png HTTP/1.1" 200 449
0:0:0:0:0:0:0:1 - - [25/Jul/2017:00:11:54 +1000] "GET /favicon-96x96.png HTTP/1.1" 200 6590
0:0:0:0:0:0:0:1 - - [25/Jul/2017:00:11:54 +1000] "GET /favicon-128.png HTTP/1.1" 200 8994
0:0:0:0:0:0:0:1 - - [25/Jul/2017:00:11:54 +1000] "GET /favicon-196x196.png HTTP/1.1" 200 36392
0:0:0:0:0:0:0:1 - - [25/Jul/2017:00:11:54 +1000] "GET /ryvrs/transactions?page=1553 HTTP/1.1" 200 6382
0:0:0:0:0:0:0:1 - - [25/Jul/2017:00:11:54 +1000] "GET /favicon-32x32.png HTTP/1.1" 200 1029
0:0:0:0:0:0:0:1 - - [25/Jul/2017:00:11:54 +1000] "GET /favicon-16x16.png HTTP/1.1" 200 449
0:0:0:0:0:0:0:1 - - [25/Jul/2017:00:11:54 +1000] "GET /favicon-96x96.png HTTP/1.1" 200 6590
0:0:0:0:0:0:0:1 - - [25/Jul/2017:00:11:54 +1000] "GET /favicon-128.png HTTP/1.1" 200 8994
0:0:0:0:0:0:0:1 - - [25/Jul/2017:00:11:54 +1000] "GET /favicon-196x196.png HTTP/1.1" 200 36392
0:0:0:0:0:0:0:1 - - [25/Jul/2017:00:11:54 +1000] "GET /ryvrs/transactions?page=1552 HTTP/1.1" 200 6382
0:0:0:0:0:0:0:1 - - [25/Jul/2017:00:11:54 +1000] "GET /favicon-32x32.png HTTP/1.1" 200 1029
0:0:0:0:0:0:0:1 - - [25/Jul/2017:00:11:54 +1000] "GET /favicon-16x16.png HTTP/1.1" 200 449
0:0:0:0:0:0:0:1 - - [25/Jul/2017:00:11:54 +1000] "GET /favicon-96x96.png HTTP/1.1" 200 6590
0:0:0:0:0:0:0:1 - - [25/Jul/2017:00:11:54 +1000] "GET /favicon-128.png HTTP/1.1" 200 8994
0:0:0:0:0:0:0:1 - - [25/Jul/2017:00:11:54 +1000] "GET /favicon-196x196.png HTTP/1.1" 200 36392
0:0:0:0:0:0:0:1 - - [25/Jul/2017:00:11:54 +1000] "GET /ryvrs/transactions?page=1551 HTTP/1.1" 200 6382
0:0:0:0:0:0:0:1 - - [25/Jul/2017:00:11:54 +1000] "GET /favicon-32x32.png HTTP/1.1" 200 1029
0:0:0:0:0:0:0:1 - - [25/Jul/2017:00:11:54 +1000] "GET /favicon-16x16.png HTTP/1.1" 200 449
0:0:0:0:0:0:0:1 - - [25/Jul/2017:00:11:54 +1000] "GET /favicon-96x96.png HTTP/1.1" 200 6590
0:0:0:0:0:0:0:1 - - [25/Jul/2017:00:11:54 +1000] "GET /favicon-128.png HTTP/1.1" 200 8994
0:0:0:0:0:0:0:1 - - [25/Jul/2017:00:11:54 +1000] "GET /favicon-196x196.png HTTP/1.1" 200 36392
0:0:0:0:0:0:0:1 - - [25/Jul/2017:00:11:54 +1000] "GET /ryvrs/transactions?page=1550 HTTP/1.1" 200 6382
0:0:0:0:0:0:0:1 - - [25/Jul/2017:00:11:54 +1000] "GET /favicon-32x32.png HTTP/1.1" 200 1029
0:0:0:0:0:0:0:1 - - [25/Jul/2017:00:11:54 +1000] "GET /favicon-16x16.png HTTP/1.1" 200 449
0:0:0:0:0:0:0:1 - - [25/Jul/2017:00:11:54 +1000] "GET /favicon-96x96.png HTTP/1.1" 200 6590
0:0:0:0:0:0:0:1 - - [25/Jul/2017:00:11:54 +1000] "GET /favicon-128.png HTTP/1.1" 200 8994
0:0:0:0:0:0:0:1 - - [25/Jul/2017:00:11:54 +1000] "GET /favicon-196x196.png HTTP/1.1" 200 36392
0:0:0:0:0:0:0:1 - - [25/Jul/2017:00:11:55 +1000] "GET /ryvrs/transactions?page=1549 HTTP/1.1" 200 6382
0:0:0:0:0:0:0:1 - - [25/Jul/2017:00:11:55 +1000] "GET /favicon-32x32.png HTTP/1.1" 200 1029
0:0:0:0:0:0:0:1 - - [25/Jul/2017:00:11:55 +1000] "GET /favicon-16x16.png HTTP/1.1" 200 449
0:0:0:0:0:0:0:1 - - [25/Jul/2017:00:11:55 +1000] "GET /favicon-96x96.png HTTP/1.1" 200 6590
0:0:0:0:0:0:0:1 - - [25/Jul/2017:00:11:55 +1000] "GET /favicon-128.png HTTP/1.1" 200 8994
0:0:0:0:0:0:0:1 - - [25/Jul/2017:00:11:55 +1000] "GET /favicon-196x196.png HTTP/1.1" 200 36392
0:0:0:0:0:0:0:1 - - [25/Jul/2017:00:11:55 +1000] "GET /ryvrs/transactions?page=1548 HTTP/1.1" 200 6382
0:0:0:0:0:0:0:1 - - [25/Jul/2017:00:11:55 +1000] "GET /favicon-32x32.png HTTP/1.1" 200 1029
0:0:0:0:0:0:0:1 - - [25/Jul/2017:00:11:55 +1000] "GET /favicon-16x16.png HTTP/1.1" 200 449
0:0:0:0:0:0:0:1 - - [25/Jul/2017:00:11:55 +1000] "GET /favicon-96x96.png HTTP/1.1" 200 6590
0:0:0:0:0:0:0:1 - - [25/Jul/2017:00:11:55 +1000] "GET /favicon-128.png HTTP/1.1" 200 8994
0:0:0:0:0:0:0:1 - - [25/Jul/2017:00:11:55 +1000] "GET /favicon-196x196.png HTTP/1.1" 200 36392
0:0:0:0:0:0:0:1 - - [25/Jul/2017:00:11:55 +1000] "GET /ryvrs/transactions?page=1547 HTTP/1.1" 200 6382
0:0:0:0:0:0:0:1 - - [25/Jul/2017:00:11:55 +1000] "GET /favicon-32x32.png HTTP/1.1" 200 1029
0:0:0:0:0:0:0:1 - - [25/Jul/2017:00:11:55 +1000] "GET /favicon-16x16.png HTTP/1.1" 200 449
0:0:0:0:0:0:0:1 - - [25/Jul/2017:00:11:55 +1000] "GET /favicon-96x96.png HTTP/1.1" 200 6590
0:0:0:0:0:0:0:1 - - [25/Jul/2017:00:11:55 +1000] "GET /favicon-128.png HTTP/1.1" 200 8994
0:0:0:0:0:0:0:1 - - [25/Jul/2017:00:11:55 +1000] "GET /favicon-196x196.png HTTP/1.1" 200 36392
0:0:0:0:0:0:0:1 - - [25/Jul/2017:00:11:55 +1000] "GET /ryvrs/transactions?page=1546 HTTP/1.1" 200 6382
0:0:0:0:0:0:0:1 - - [25/Jul/2017:00:11:55 +1000] "GET /favicon-32x32.png HTTP/1.1" 200 1029
0:0:0:0:0:0:0:1 - - [25/Jul/2017:00:11:55 +1000] "GET /favicon-16x16.png HTTP/1.1" 200 449
0:0:0:0:0:0:0:1 - - [25/Jul/2017:00:11:55 +1000] "GET /favicon-96x96.png HTTP/1.1" 200 6590
0:0:0:0:0:0:0:1 - - [25/Jul/2017:00:11:55 +1000] "GET /favicon-128.png HTTP/1.1" 200 8994
0:0:0:0:0:0:0:1 - - [25/Jul/2017:00:11:55 +1000] "GET /favicon-196x196.png HTTP/1.1" 200 36392
0:0:0:0:0:0:0:1 - - [25/Jul/2017:00:11:56 +1000] "GET /ryvrs/transactions?page=1545 HTTP/1.1" 200 6382
0:0:0:0:0:0:0:1 - - [25/Jul/2017:00:11:56 +1000] "GET /favicon-32x32.png HTTP/1.1" 200 1029
0:0:0:0:0:0:0:1 - - [25/Jul/2017:00:11:56 +1000] "GET /favicon-16x16.png HTTP/1.1" 200 449
0:0:0:0:0:0:0:1 - - [25/Jul/2017:00:11:56 +1000] "GET /favicon-96x96.png HTTP/1.1" 200 6590
0:0:0:0:0:0:0:1 - - [25/Jul/2017:00:11:56 +1000] "GET /favicon-128.png HTTP/1.1" 200 8994
0:0:0:0:0:0:0:1 - - [25/Jul/2017:00:11:56 +1000] "GET /favicon-196x196.png HTTP/1.1" 200 36392
0:0:0:0:0:0:0:1 - - [25/Jul/2017:00:11:56 +1000] "GET /ryvrs/transactions?page=1544 HTTP/1.1" 200 6382
0:0:0:0:0:0:0:1 - - [25/Jul/2017:00:11:56 +1000] "GET /favicon-32x32.png HTTP/1.1" 200 1029
0:0:0:0:0:0:0:1 - - [25/Jul/2017:00:11:56 +1000] "GET /favicon-16x16.png HTTP/1.1" 200 449
0:0:0:0:0:0:0:1 - - [25/Jul/2017:00:11:56 +1000] "GET /favicon-96x96.png HTTP/1.1" 200 6590
0:0:0:0:0:0:0:1 - - [25/Jul/2017:00:11:56 +1000] "GET /favicon-128.png HTTP/1.1" 200 8994
0:0:0:0:0:0:0:1 - - [25/Jul/2017:00:11:56 +1000] "GET /favicon-196x196.png HTTP/1.1" 200 36392
0:0:0:0:0:0:0:1 - - [25/Jul/2017:00:11:56 +1000] "GET /ryvrs/transactions?page=1543 HTTP/1.1" 200 6382
0:0:0:0:0:0:0:1 - - [25/Jul/2017:00:11:56 +1000] "GET /favicon-32x32.png HTTP/1.1" 200 1029
0:0:0:0:0:0:0:1 - - [25/Jul/2017:00:11:56 +1000] "GET /favicon-16x16.png HTTP/1.1" 200 449
0:0:0:0:0:0:0:1 - - [25/Jul/2017:00:11:56 +1000] "GET /favicon-96x96.png HTTP/1.1" 200 6590
0:0:0:0:0:0:0:1 - - [25/Jul/2017:00:11:56 +1000] "GET /favicon-128.png HTTP/1.1" 200 8994
0:0:0:0:0:0:0:1 - - [25/Jul/2017:00:11:56 +1000] "GET /favicon-196x196.png HTTP/1.1" 200 36392
0:0:0:0:0:0:0:1 - - [25/Jul/2017:00:11:56 +1000] "GET /ryvrs/transactions?page=1542 HTTP/1.1" 200 6382
0:0:0:0:0:0:0:1 - - [25/Jul/2017:00:11:56 +1000] "GET /favicon-32x32.png HTTP/1.1" 200 1029
0:0:0:0:0:0:0:1 - - [25/Jul/2017:00:11:56 +1000] "GET /favicon-16x16.png HTTP/1.1" 200 449
0:0:0:0:0:0:0:1 - - [25/Jul/2017:00:11:56 +1000] "GET /favicon-96x96.png HTTP/1.1" 200 6590
0:0:0:0:0:0:0:1 - - [25/Jul/2017:00:11:56 +1000] "GET /favicon-128.png HTTP/1.1" 200 8994
0:0:0:0:0:0:0:1 - - [25/Jul/2017:00:11:56 +1000] "GET /favicon-196x196.png HTTP/1.1" 200 36392
0:0:0:0:0:0:0:1 - - [25/Jul/2017:00:11:56 +1000] "GET /ryvrs/transactions?page=1541 HTTP/1.1" 200 6382
0:0:0:0:0:0:0:1 - - [25/Jul/2017:00:11:57 +1000] "GET /favicon-32x32.png HTTP/1.1" 200 1029
0:0:0:0:0:0:0:1 - - [25/Jul/2017:00:11:57 +1000] "GET /favicon-16x16.png HTTP/1.1" 200 449
0:0:0:0:0:0:0:1 - - [25/Jul/2017:00:11:57 +1000] "GET /favicon-96x96.png HTTP/1.1" 200 6590
0:0:0:0:0:0:0:1 - - [25/Jul/2017:00:11:57 +1000] "GET /favicon-128.png HTTP/1.1" 200 8994
0:0:0:0:0:0:0:1 - - [25/Jul/2017:00:11:57 +1000] "GET /favicon-196x196.png HTTP/1.1" 200 36392
0:0:0:0:0:0:0:1 - - [25/Jul/2017:00:11:57 +1000] "GET /ryvrs/transactions?page=1540 HTTP/1.1" 200 6382
0:0:0:0:0:0:0:1 - - [25/Jul/2017:00:11:57 +1000] "GET /favicon-32x32.png HTTP/1.1" 200 1029
0:0:0:0:0:0:0:1 - - [25/Jul/2017:00:11:57 +1000] "GET /favicon-16x16.png HTTP/1.1" 200 449
0:0:0:0:0:0:0:1 - - [25/Jul/2017:00:11:57 +1000] "GET /favicon-96x96.png HTTP/1.1" 200 6590
0:0:0:0:0:0:0:1 - - [25/Jul/2017:00:11:57 +1000] "GET /favicon-128.png HTTP/1.1" 200 8994
0:0:0:0:0:0:0:1 - - [25/Jul/2017:00:11:57 +1000] "GET /favicon-196x196.png HTTP/1.1" 200 36392
0:0:0:0:0:0:0:1 - - [25/Jul/2017:00:11:57 +1000] "GET /ryvrs/transactions?page=1539 HTTP/1.1" 200 6382
0:0:0:0:0:0:0:1 - - [25/Jul/2017:00:11:57 +1000] "GET /favicon-32x32.png HTTP/1.1" 200 1029
0:0:0:0:0:0:0:1 - - [25/Jul/2017:00:11:57 +1000] "GET /favicon-16x16.png HTTP/1.1" 200 449
0:0:0:0:0:0:0:1 - - [25/Jul/2017:00:11:57 +1000] "GET /favicon-96x96.png HTTP/1.1" 200 6590
0:0:0:0:0:0:0:1 - - [25/Jul/2017:00:11:57 +1000] "GET /favicon-128.png HTTP/1.1" 200 8994
0:0:0:0:0:0:0:1 - - [25/Jul/2017:00:11:57 +1000] "GET /favicon-196x196.png HTTP/1.1" 200 36392
0:0:0:0:0:0:0:1 - - [25/Jul/2017:00:11:57 +1000] "GET /ryvrs/transactions?page=1538 HTTP/1.1" 200 6382
0:0:0:0:0:0:0:1 - - [25/Jul/2017:00:11:57 +1000] "GET /favicon-32x32.png HTTP/1.1" 200 1029
0:0:0:0:0:0:0:1 - - [25/Jul/2017:00:11:57 +1000] "GET /favicon-16x16.png HTTP/1.1" 200 449
0:0:0:0:0:0:0:1 - - [25/Jul/2017:00:11:57 +1000] "GET /favicon-96x96.png HTTP/1.1" 200 6590
0:0:0:0:0:0:0:1 - - [25/Jul/2017:00:11:57 +1000] "GET /favicon-128.png HTTP/1.1" 200 8994
0:0:0:0:0:0:0:1 - - [25/Jul/2017:00:11:57 +1000] "GET /favicon-196x196.png HTTP/1.1" 200 36392
0:0:0:0:0:0:0:1 - - [25/Jul/2017:00:11:57 +1000] "GET /ryvrs/transactions?page=1537 HTTP/1.1" 200 6382
0:0:0:0:0:0:0:1 - - [25/Jul/2017:00:11:57 +1000] "GET /favicon-32x32.png HTTP/1.1" 200 1029
0:0:0:0:0:0:0:1 - - [25/Jul/2017:00:11:57 +1000] "GET /favicon-16x16.png HTTP/1.1" 200 449
0:0:0:0:0:0:0:1 - - [25/Jul/2017:00:11:58 +1000] "GET /favicon-96x96.png HTTP/1.1" 200 6590
0:0:0:0:0:0:0:1 - - [25/Jul/2017:00:11:58 +1000] "GET /favicon-128.png HTTP/1.1" 200 8994
0:0:0:0:0:0:0:1 - - [25/Jul/2017:00:11:58 +1000] "GET /favicon-196x196.png HTTP/1.1" 200 36392
0:0:0:0:0:0:0:1 - - [25/Jul/2017:00:11:58 +1000] "GET /ryvrs/transactions?page=1536 HTTP/1.1" 200 6382
0:0:0:0:0:0:0:1 - - [25/Jul/2017:00:11:58 +1000] "GET /favicon-32x32.png HTTP/1.1" 200 1029
0:0:0:0:0:0:0:1 - - [25/Jul/2017:00:11:58 +1000] "GET /favicon-16x16.png HTTP/1.1" 200 449
0:0:0:0:0:0:0:1 - - [25/Jul/2017:00:11:58 +1000] "GET /favicon-96x96.png HTTP/1.1" 200 6590
0:0:0:0:0:0:0:1 - - [25/Jul/2017:00:11:58 +1000] "GET /favicon-128.png HTTP/1.1" 200 8994
0:0:0:0:0:0:0:1 - - [25/Jul/2017:00:11:58 +1000] "GET /favicon-196x196.png HTTP/1.1" 200 36392
0:0:0:0:0:0:0:1 - - [25/Jul/2017:00:11:58 +1000] "GET /ryvrs/transactions?page=1535 HTTP/1.1" 200 6382
0:0:0:0:0:0:0:1 - - [25/Jul/2017:00:11:58 +1000] "GET /favicon-32x32.png HTTP/1.1" 200 1029
0:0:0:0:0:0:0:1 - - [25/Jul/2017:00:11:58 +1000] "GET /favicon-16x16.png HTTP/1.1" 200 449
0:0:0:0:0:0:0:1 - - [25/Jul/2017:00:11:58 +1000] "GET /favicon-96x96.png HTTP/1.1" 200 6590
0:0:0:0:0:0:0:1 - - [25/Jul/2017:00:11:58 +1000] "GET /favicon-128.png HTTP/1.1" 200 8994
0:0:0:0:0:0:0:1 - - [25/Jul/2017:00:11:58 +1000] "GET /favicon-196x196.png HTTP/1.1" 200 36392
0:0:0:0:0:0:0:1 - - [25/Jul/2017:00:11:58 +1000] "GET /ryvrs/transactions?page=1534 HTTP/1.1" 200 6382
0:0:0:0:0:0:0:1 - - [25/Jul/2017:00:11:58 +1000] "GET /favicon-32x32.png HTTP/1.1" 200 1029
0:0:0:0:0:0:0:1 - - [25/Jul/2017:00:11:58 +1000] "GET /favicon-16x16.png HTTP/1.1" 200 449
0:0:0:0:0:0:0:1 - - [25/Jul/2017:00:11:58 +1000] "GET /favicon-96x96.png HTTP/1.1" 200 6590
0:0:0:0:0:0:0:1 - - [25/Jul/2017:00:11:58 +1000] "GET /favicon-128.png HTTP/1.1" 200 8994
0:0:0:0:0:0:0:1 - - [25/Jul/2017:00:11:58 +1000] "GET /favicon-196x196.png HTTP/1.1" 200 36392
0:0:0:0:0:0:0:1 - - [25/Jul/2017:00:11:58 +1000] "GET /ryvrs/transactions?page=1533 HTTP/1.1" 200 6382
0:0:0:0:0:0:0:1 - - [25/Jul/2017:00:11:58 +1000] "GET /favicon-32x32.png HTTP/1.1" 200 1029
0:0:0:0:0:0:0:1 - - [25/Jul/2017:00:11:58 +1000] "GET /favicon-16x16.png HTTP/1.1" 200 449
0:0:0:0:0:0:0:1 - - [25/Jul/2017:00:11:58 +1000] "GET /favicon-96x96.png HTTP/1.1" 200 6590
0:0:0:0:0:0:0:1 - - [25/Jul/2017:00:11:58 +1000] "GET /favicon-128.png HTTP/1.1" 200 8994
0:0:0:0:0:0:0:1 - - [25/Jul/2017:00:11:58 +1000] "GET /favicon-196x196.png HTTP/1.1" 200 36392
0:0:0:0:0:0:0:1 - - [25/Jul/2017:00:11:59 +1000] "GET /ryvrs/transactions?page=1532 HTTP/1.1" 200 6382
0:0:0:0:0:0:0:1 - - [25/Jul/2017:00:11:59 +1000] "GET /favicon-32x32.png HTTP/1.1" 200 1029
0:0:0:0:0:0:0:1 - - [25/Jul/2017:00:11:59 +1000] "GET /favicon-16x16.png HTTP/1.1" 200 449
0:0:0:0:0:0:0:1 - - [25/Jul/2017:00:11:59 +1000] "GET /favicon-96x96.png HTTP/1.1" 200 6590
0:0:0:0:0:0:0:1 - - [25/Jul/2017:00:11:59 +1000] "GET /favicon-128.png HTTP/1.1" 200 8994
0:0:0:0:0:0:0:1 - - [25/Jul/2017:00:11:59 +1000] "GET /favicon-196x196.png HTTP/1.1" 200 36392
0:0:0:0:0:0:0:1 - - [25/Jul/2017:00:11:59 +1000] "GET /ryvrs/transactions?page=1531 HTTP/1.1" 200 6382
0:0:0:0:0:0:0:1 - - [25/Jul/2017:00:11:59 +1000] "GET /favicon-32x32.png HTTP/1.1" 200 1029
0:0:0:0:0:0:0:1 - - [25/Jul/2017:00:11:59 +1000] "GET /favicon-16x16.png HTTP/1.1" 200 449
0:0:0:0:0:0:0:1 - - [25/Jul/2017:00:11:59 +1000] "GET /favicon-96x96.png HTTP/1.1" 200 6590
0:0:0:0:0:0:0:1 - - [25/Jul/2017:00:11:59 +1000] "GET /favicon-128.png HTTP/1.1" 200 8994
0:0:0:0:0:0:0:1 - - [25/Jul/2017:00:11:59 +1000] "GET /favicon-196x196.png HTTP/1.1" 200 36392
0:0:0:0:0:0:0:1 - - [25/Jul/2017:00:11:59 +1000] "GET /ryvrs/transactions?page=1530 HTTP/1.1" 200 6382
0:0:0:0:0:0:0:1 - - [25/Jul/2017:00:11:59 +1000] "GET /favicon-32x32.png HTTP/1.1" 200 1029
0:0:0:0:0:0:0:1 - - [25/Jul/2017:00:11:59 +1000] "GET /favicon-16x16.png HTTP/1.1" 200 449
0:0:0:0:0:0:0:1 - - [25/Jul/2017:00:11:59 +1000] "GET /favicon-96x96.png HTTP/1.1" 200 6590
0:0:0:0:0:0:0:1 - - [25/Jul/2017:00:11:59 +1000] "GET /favicon-128.png HTTP/1.1" 200 8994
0:0:0:0:0:0:0:1 - - [25/Jul/2017:00:11:59 +1000] "GET /favicon-196x196.png HTTP/1.1" 200 36392
